[2025-10-10T15:28:28.368+0000] {processor.py:157} INFO - Started process (PID=170) to work on /opt/airflow/dags/bitcoin_price_dag.py
[2025-10-10T15:28:28.368+0000] {processor.py:829} INFO - Processing file /opt/airflow/dags/bitcoin_price_dag.py for tasks to queue
[2025-10-10T15:28:28.369+0000] {logging_mixin.py:151} INFO - [2025-10-10T15:28:28.369+0000] {dagbag.py:539} INFO - Filling up the DagBag from /opt/airflow/dags/bitcoin_price_dag.py
[2025-10-10T15:28:28.380+0000] {processor.py:839} INFO - DAG(s) dict_keys(['bitcoin_price_dag']) retrieved from /opt/airflow/dags/bitcoin_price_dag.py
[2025-10-10T15:28:28.469+0000] {logging_mixin.py:151} INFO - [2025-10-10T15:28:28.469+0000] {manager.py:501} INFO - Created Permission View: can delete on DAG:bitcoin_price_dag
[2025-10-10T15:28:28.473+0000] {logging_mixin.py:151} INFO - [2025-10-10T15:28:28.473+0000] {manager.py:501} INFO - Created Permission View: can edit on DAG:bitcoin_price_dag
[2025-10-10T15:28:28.474+0000] {logging_mixin.py:151} INFO - [2025-10-10T15:28:28.474+0000] {manager.py:501} INFO - Created Permission View: can read on DAG:bitcoin_price_dag
[2025-10-10T15:28:28.479+0000] {logging_mixin.py:151} INFO - [2025-10-10T15:28:28.479+0000] {dag.py:2907} INFO - Sync 1 DAGs
[2025-10-10T15:28:28.483+0000] {logging_mixin.py:151} INFO - [2025-10-10T15:28:28.483+0000] {dag.py:2929} INFO - Creating ORM DAG for bitcoin_price_dag
[2025-10-10T15:28:28.487+0000] {logging_mixin.py:151} INFO - [2025-10-10T15:28:28.487+0000] {dag.py:3677} INFO - Setting next_dagrun for bitcoin_price_dag to 2025-10-10T14:00:00+00:00, run_after=2025-10-10T15:00:00+00:00
[2025-10-10T15:28:28.492+0000] {processor.py:179} INFO - Processing /opt/airflow/dags/bitcoin_price_dag.py took 0.126 seconds
[2025-10-10T15:28:58.570+0000] {processor.py:157} INFO - Started process (PID=176) to work on /opt/airflow/dags/bitcoin_price_dag.py
[2025-10-10T15:28:58.570+0000] {processor.py:829} INFO - Processing file /opt/airflow/dags/bitcoin_price_dag.py for tasks to queue
[2025-10-10T15:28:58.574+0000] {logging_mixin.py:151} INFO - [2025-10-10T15:28:58.574+0000] {dagbag.py:539} INFO - Filling up the DagBag from /opt/airflow/dags/bitcoin_price_dag.py
[2025-10-10T15:28:58.582+0000] {processor.py:839} INFO - DAG(s) dict_keys(['bitcoin_price_dag']) retrieved from /opt/airflow/dags/bitcoin_price_dag.py
[2025-10-10T15:28:58.598+0000] {logging_mixin.py:151} INFO - [2025-10-10T15:28:58.598+0000] {dag.py:2907} INFO - Sync 1 DAGs
[2025-10-10T15:28:58.609+0000] {logging_mixin.py:151} INFO - [2025-10-10T15:28:58.609+0000] {dag.py:3677} INFO - Setting next_dagrun for bitcoin_price_dag to 2025-10-10T14:00:00+00:00, run_after=2025-10-10T15:00:00+00:00
[2025-10-10T15:28:58.616+0000] {processor.py:179} INFO - Processing /opt/airflow/dags/bitcoin_price_dag.py took 0.049 seconds
[2025-10-10T15:29:28.781+0000] {processor.py:157} INFO - Started process (PID=181) to work on /opt/airflow/dags/bitcoin_price_dag.py
[2025-10-10T15:29:28.782+0000] {processor.py:829} INFO - Processing file /opt/airflow/dags/bitcoin_price_dag.py for tasks to queue
[2025-10-10T15:29:28.783+0000] {logging_mixin.py:151} INFO - [2025-10-10T15:29:28.783+0000] {dagbag.py:539} INFO - Filling up the DagBag from /opt/airflow/dags/bitcoin_price_dag.py
[2025-10-10T15:29:28.791+0000] {processor.py:839} INFO - DAG(s) dict_keys(['bitcoin_price_dag']) retrieved from /opt/airflow/dags/bitcoin_price_dag.py
[2025-10-10T15:29:28.806+0000] {logging_mixin.py:151} INFO - [2025-10-10T15:29:28.806+0000] {dag.py:2907} INFO - Sync 1 DAGs
[2025-10-10T15:29:28.818+0000] {logging_mixin.py:151} INFO - [2025-10-10T15:29:28.818+0000] {dag.py:3677} INFO - Setting next_dagrun for bitcoin_price_dag to 2025-10-10T14:00:00+00:00, run_after=2025-10-10T15:00:00+00:00
[2025-10-10T15:29:28.826+0000] {processor.py:179} INFO - Processing /opt/airflow/dags/bitcoin_price_dag.py took 0.047 seconds
[2025-10-10T15:29:59.008+0000] {processor.py:157} INFO - Started process (PID=186) to work on /opt/airflow/dags/bitcoin_price_dag.py
[2025-10-10T15:29:59.008+0000] {processor.py:829} INFO - Processing file /opt/airflow/dags/bitcoin_price_dag.py for tasks to queue
[2025-10-10T15:29:59.009+0000] {logging_mixin.py:151} INFO - [2025-10-10T15:29:59.009+0000] {dagbag.py:539} INFO - Filling up the DagBag from /opt/airflow/dags/bitcoin_price_dag.py
[2025-10-10T15:29:59.016+0000] {processor.py:839} INFO - DAG(s) dict_keys(['bitcoin_price_dag']) retrieved from /opt/airflow/dags/bitcoin_price_dag.py
[2025-10-10T15:29:59.030+0000] {logging_mixin.py:151} INFO - [2025-10-10T15:29:59.030+0000] {dag.py:2907} INFO - Sync 1 DAGs
[2025-10-10T15:29:59.040+0000] {logging_mixin.py:151} INFO - [2025-10-10T15:29:59.040+0000] {dag.py:3677} INFO - Setting next_dagrun for bitcoin_price_dag to 2025-10-10T14:00:00+00:00, run_after=2025-10-10T15:00:00+00:00
[2025-10-10T15:29:59.048+0000] {processor.py:179} INFO - Processing /opt/airflow/dags/bitcoin_price_dag.py took 0.042 seconds
[2025-10-10T15:30:29.227+0000] {processor.py:157} INFO - Started process (PID=191) to work on /opt/airflow/dags/bitcoin_price_dag.py
[2025-10-10T15:30:29.228+0000] {processor.py:829} INFO - Processing file /opt/airflow/dags/bitcoin_price_dag.py for tasks to queue
[2025-10-10T15:30:29.228+0000] {logging_mixin.py:151} INFO - [2025-10-10T15:30:29.228+0000] {dagbag.py:539} INFO - Filling up the DagBag from /opt/airflow/dags/bitcoin_price_dag.py
[2025-10-10T15:30:29.236+0000] {processor.py:839} INFO - DAG(s) dict_keys(['bitcoin_price_dag']) retrieved from /opt/airflow/dags/bitcoin_price_dag.py
[2025-10-10T15:30:29.250+0000] {logging_mixin.py:151} INFO - [2025-10-10T15:30:29.250+0000] {dag.py:2907} INFO - Sync 1 DAGs
[2025-10-10T15:30:29.261+0000] {logging_mixin.py:151} INFO - [2025-10-10T15:30:29.261+0000] {dag.py:3677} INFO - Setting next_dagrun for bitcoin_price_dag to 2025-10-10T14:00:00+00:00, run_after=2025-10-10T15:00:00+00:00
[2025-10-10T15:30:29.267+0000] {processor.py:179} INFO - Processing /opt/airflow/dags/bitcoin_price_dag.py took 0.042 seconds
[2025-10-10T15:30:59.480+0000] {processor.py:157} INFO - Started process (PID=196) to work on /opt/airflow/dags/bitcoin_price_dag.py
[2025-10-10T15:30:59.480+0000] {processor.py:829} INFO - Processing file /opt/airflow/dags/bitcoin_price_dag.py for tasks to queue
[2025-10-10T15:30:59.481+0000] {logging_mixin.py:151} INFO - [2025-10-10T15:30:59.481+0000] {dagbag.py:539} INFO - Filling up the DagBag from /opt/airflow/dags/bitcoin_price_dag.py
[2025-10-10T15:30:59.488+0000] {processor.py:839} INFO - DAG(s) dict_keys(['bitcoin_price_dag']) retrieved from /opt/airflow/dags/bitcoin_price_dag.py
[2025-10-10T15:30:59.503+0000] {logging_mixin.py:151} INFO - [2025-10-10T15:30:59.503+0000] {dag.py:2907} INFO - Sync 1 DAGs
[2025-10-10T15:30:59.513+0000] {logging_mixin.py:151} INFO - [2025-10-10T15:30:59.513+0000] {dag.py:3677} INFO - Setting next_dagrun for bitcoin_price_dag to 2025-10-10T14:00:00+00:00, run_after=2025-10-10T15:00:00+00:00
[2025-10-10T15:30:59.519+0000] {processor.py:179} INFO - Processing /opt/airflow/dags/bitcoin_price_dag.py took 0.041 seconds
[2025-10-10T15:38:04.259+0000] {processor.py:157} INFO - Started process (PID=171) to work on /opt/airflow/dags/bitcoin_price_dag.py
[2025-10-10T15:38:04.259+0000] {processor.py:829} INFO - Processing file /opt/airflow/dags/bitcoin_price_dag.py for tasks to queue
[2025-10-10T15:38:04.260+0000] {logging_mixin.py:151} INFO - [2025-10-10T15:38:04.260+0000] {dagbag.py:539} INFO - Filling up the DagBag from /opt/airflow/dags/bitcoin_price_dag.py
[2025-10-10T15:38:04.268+0000] {processor.py:839} INFO - DAG(s) dict_keys(['bitcoin_price_dag']) retrieved from /opt/airflow/dags/bitcoin_price_dag.py
[2025-10-10T15:38:04.321+0000] {logging_mixin.py:151} INFO - [2025-10-10T15:38:04.321+0000] {dag.py:2907} INFO - Sync 1 DAGs
[2025-10-10T15:38:04.329+0000] {logging_mixin.py:151} INFO - [2025-10-10T15:38:04.329+0000] {dag.py:3677} INFO - Setting next_dagrun for bitcoin_price_dag to 2025-10-10T14:00:00+00:00, run_after=2025-10-10T15:00:00+00:00
[2025-10-10T15:38:04.336+0000] {processor.py:179} INFO - Processing /opt/airflow/dags/bitcoin_price_dag.py took 0.078 seconds
[2025-10-10T15:38:34.474+0000] {processor.py:157} INFO - Started process (PID=176) to work on /opt/airflow/dags/bitcoin_price_dag.py
[2025-10-10T15:38:34.475+0000] {processor.py:829} INFO - Processing file /opt/airflow/dags/bitcoin_price_dag.py for tasks to queue
[2025-10-10T15:38:34.475+0000] {logging_mixin.py:151} INFO - [2025-10-10T15:38:34.475+0000] {dagbag.py:539} INFO - Filling up the DagBag from /opt/airflow/dags/bitcoin_price_dag.py
[2025-10-10T15:38:34.482+0000] {processor.py:839} INFO - DAG(s) dict_keys(['bitcoin_price_dag']) retrieved from /opt/airflow/dags/bitcoin_price_dag.py
[2025-10-10T15:38:34.498+0000] {logging_mixin.py:151} INFO - [2025-10-10T15:38:34.497+0000] {dag.py:2907} INFO - Sync 1 DAGs
[2025-10-10T15:38:34.507+0000] {logging_mixin.py:151} INFO - [2025-10-10T15:38:34.507+0000] {dag.py:3677} INFO - Setting next_dagrun for bitcoin_price_dag to 2025-10-10T14:00:00+00:00, run_after=2025-10-10T15:00:00+00:00
[2025-10-10T15:38:34.514+0000] {processor.py:179} INFO - Processing /opt/airflow/dags/bitcoin_price_dag.py took 0.042 seconds
[2025-10-10T15:39:04.726+0000] {processor.py:157} INFO - Started process (PID=181) to work on /opt/airflow/dags/bitcoin_price_dag.py
[2025-10-10T15:39:04.727+0000] {processor.py:829} INFO - Processing file /opt/airflow/dags/bitcoin_price_dag.py for tasks to queue
[2025-10-10T15:39:04.728+0000] {logging_mixin.py:151} INFO - [2025-10-10T15:39:04.728+0000] {dagbag.py:539} INFO - Filling up the DagBag from /opt/airflow/dags/bitcoin_price_dag.py
[2025-10-10T15:39:04.738+0000] {processor.py:839} INFO - DAG(s) dict_keys(['bitcoin_price_dag']) retrieved from /opt/airflow/dags/bitcoin_price_dag.py
[2025-10-10T15:39:04.756+0000] {logging_mixin.py:151} INFO - [2025-10-10T15:39:04.756+0000] {dag.py:2907} INFO - Sync 1 DAGs
[2025-10-10T15:39:04.767+0000] {logging_mixin.py:151} INFO - [2025-10-10T15:39:04.767+0000] {dag.py:3677} INFO - Setting next_dagrun for bitcoin_price_dag to 2025-10-10T14:00:00+00:00, run_after=2025-10-10T15:00:00+00:00
[2025-10-10T15:39:04.774+0000] {processor.py:179} INFO - Processing /opt/airflow/dags/bitcoin_price_dag.py took 0.050 seconds
[2025-10-10T15:39:34.947+0000] {processor.py:157} INFO - Started process (PID=186) to work on /opt/airflow/dags/bitcoin_price_dag.py
[2025-10-10T15:39:34.947+0000] {processor.py:829} INFO - Processing file /opt/airflow/dags/bitcoin_price_dag.py for tasks to queue
[2025-10-10T15:39:34.948+0000] {logging_mixin.py:151} INFO - [2025-10-10T15:39:34.948+0000] {dagbag.py:539} INFO - Filling up the DagBag from /opt/airflow/dags/bitcoin_price_dag.py
[2025-10-10T15:39:34.956+0000] {processor.py:839} INFO - DAG(s) dict_keys(['bitcoin_price_dag']) retrieved from /opt/airflow/dags/bitcoin_price_dag.py
[2025-10-10T15:39:34.971+0000] {logging_mixin.py:151} INFO - [2025-10-10T15:39:34.971+0000] {dag.py:2907} INFO - Sync 1 DAGs
[2025-10-10T15:39:34.980+0000] {logging_mixin.py:151} INFO - [2025-10-10T15:39:34.980+0000] {dag.py:3677} INFO - Setting next_dagrun for bitcoin_price_dag to 2025-10-10T14:00:00+00:00, run_after=2025-10-10T15:00:00+00:00
[2025-10-10T15:39:34.987+0000] {processor.py:179} INFO - Processing /opt/airflow/dags/bitcoin_price_dag.py took 0.043 seconds
[2025-10-10T15:40:05.148+0000] {processor.py:157} INFO - Started process (PID=191) to work on /opt/airflow/dags/bitcoin_price_dag.py
[2025-10-10T15:40:05.148+0000] {processor.py:829} INFO - Processing file /opt/airflow/dags/bitcoin_price_dag.py for tasks to queue
[2025-10-10T15:40:05.149+0000] {logging_mixin.py:151} INFO - [2025-10-10T15:40:05.149+0000] {dagbag.py:539} INFO - Filling up the DagBag from /opt/airflow/dags/bitcoin_price_dag.py
[2025-10-10T15:40:05.155+0000] {processor.py:839} INFO - DAG(s) dict_keys(['bitcoin_price_dag']) retrieved from /opt/airflow/dags/bitcoin_price_dag.py
[2025-10-10T15:40:05.169+0000] {logging_mixin.py:151} INFO - [2025-10-10T15:40:05.169+0000] {dag.py:2907} INFO - Sync 1 DAGs
[2025-10-10T15:40:05.178+0000] {logging_mixin.py:151} INFO - [2025-10-10T15:40:05.178+0000] {dag.py:3677} INFO - Setting next_dagrun for bitcoin_price_dag to 2025-10-10T14:00:00+00:00, run_after=2025-10-10T15:00:00+00:00
[2025-10-10T15:40:05.184+0000] {processor.py:179} INFO - Processing /opt/airflow/dags/bitcoin_price_dag.py took 0.038 seconds
[2025-10-10T15:40:35.361+0000] {processor.py:157} INFO - Started process (PID=196) to work on /opt/airflow/dags/bitcoin_price_dag.py
[2025-10-10T15:40:35.362+0000] {processor.py:829} INFO - Processing file /opt/airflow/dags/bitcoin_price_dag.py for tasks to queue
[2025-10-10T15:40:35.362+0000] {logging_mixin.py:151} INFO - [2025-10-10T15:40:35.362+0000] {dagbag.py:539} INFO - Filling up the DagBag from /opt/airflow/dags/bitcoin_price_dag.py
[2025-10-10T15:40:35.370+0000] {processor.py:839} INFO - DAG(s) dict_keys(['bitcoin_price_dag']) retrieved from /opt/airflow/dags/bitcoin_price_dag.py
[2025-10-10T15:40:35.385+0000] {logging_mixin.py:151} INFO - [2025-10-10T15:40:35.385+0000] {dag.py:2907} INFO - Sync 1 DAGs
[2025-10-10T15:40:35.395+0000] {logging_mixin.py:151} INFO - [2025-10-10T15:40:35.395+0000] {dag.py:3677} INFO - Setting next_dagrun for bitcoin_price_dag to 2025-10-10T14:00:00+00:00, run_after=2025-10-10T15:00:00+00:00
[2025-10-10T15:40:35.402+0000] {processor.py:179} INFO - Processing /opt/airflow/dags/bitcoin_price_dag.py took 0.043 seconds
[2025-10-10T15:41:05.618+0000] {processor.py:157} INFO - Started process (PID=201) to work on /opt/airflow/dags/bitcoin_price_dag.py
[2025-10-10T15:41:05.618+0000] {processor.py:829} INFO - Processing file /opt/airflow/dags/bitcoin_price_dag.py for tasks to queue
[2025-10-10T15:41:05.619+0000] {logging_mixin.py:151} INFO - [2025-10-10T15:41:05.619+0000] {dagbag.py:539} INFO - Filling up the DagBag from /opt/airflow/dags/bitcoin_price_dag.py
[2025-10-10T15:41:05.626+0000] {processor.py:839} INFO - DAG(s) dict_keys(['bitcoin_price_dag']) retrieved from /opt/airflow/dags/bitcoin_price_dag.py
[2025-10-10T15:41:05.640+0000] {logging_mixin.py:151} INFO - [2025-10-10T15:41:05.640+0000] {dag.py:2907} INFO - Sync 1 DAGs
[2025-10-10T15:41:05.650+0000] {logging_mixin.py:151} INFO - [2025-10-10T15:41:05.650+0000] {dag.py:3677} INFO - Setting next_dagrun for bitcoin_price_dag to 2025-10-10T14:00:00+00:00, run_after=2025-10-10T15:00:00+00:00
[2025-10-10T15:41:05.656+0000] {processor.py:179} INFO - Processing /opt/airflow/dags/bitcoin_price_dag.py took 0.040 seconds
[2025-10-10T15:41:35.866+0000] {processor.py:157} INFO - Started process (PID=206) to work on /opt/airflow/dags/bitcoin_price_dag.py
[2025-10-10T15:41:35.866+0000] {processor.py:829} INFO - Processing file /opt/airflow/dags/bitcoin_price_dag.py for tasks to queue
[2025-10-10T15:41:35.867+0000] {logging_mixin.py:151} INFO - [2025-10-10T15:41:35.867+0000] {dagbag.py:539} INFO - Filling up the DagBag from /opt/airflow/dags/bitcoin_price_dag.py
[2025-10-10T15:41:35.875+0000] {processor.py:839} INFO - DAG(s) dict_keys(['bitcoin_price_dag']) retrieved from /opt/airflow/dags/bitcoin_price_dag.py
[2025-10-10T15:41:35.889+0000] {logging_mixin.py:151} INFO - [2025-10-10T15:41:35.889+0000] {dag.py:2907} INFO - Sync 1 DAGs
[2025-10-10T15:41:35.898+0000] {logging_mixin.py:151} INFO - [2025-10-10T15:41:35.898+0000] {dag.py:3677} INFO - Setting next_dagrun for bitcoin_price_dag to 2025-10-10T14:00:00+00:00, run_after=2025-10-10T15:00:00+00:00
[2025-10-10T15:41:35.905+0000] {processor.py:179} INFO - Processing /opt/airflow/dags/bitcoin_price_dag.py took 0.041 seconds
[2025-10-10T15:42:06.136+0000] {processor.py:157} INFO - Started process (PID=211) to work on /opt/airflow/dags/bitcoin_price_dag.py
[2025-10-10T15:42:06.137+0000] {processor.py:829} INFO - Processing file /opt/airflow/dags/bitcoin_price_dag.py for tasks to queue
[2025-10-10T15:42:06.137+0000] {logging_mixin.py:151} INFO - [2025-10-10T15:42:06.137+0000] {dagbag.py:539} INFO - Filling up the DagBag from /opt/airflow/dags/bitcoin_price_dag.py
[2025-10-10T15:42:06.144+0000] {processor.py:839} INFO - DAG(s) dict_keys(['bitcoin_price_dag']) retrieved from /opt/airflow/dags/bitcoin_price_dag.py
[2025-10-10T15:42:06.158+0000] {logging_mixin.py:151} INFO - [2025-10-10T15:42:06.158+0000] {dag.py:2907} INFO - Sync 1 DAGs
[2025-10-10T15:42:06.167+0000] {logging_mixin.py:151} INFO - [2025-10-10T15:42:06.167+0000] {dag.py:3677} INFO - Setting next_dagrun for bitcoin_price_dag to 2025-10-10T14:00:00+00:00, run_after=2025-10-10T15:00:00+00:00
[2025-10-10T15:42:06.174+0000] {processor.py:179} INFO - Processing /opt/airflow/dags/bitcoin_price_dag.py took 0.039 seconds
[2025-10-10T15:42:36.383+0000] {processor.py:157} INFO - Started process (PID=216) to work on /opt/airflow/dags/bitcoin_price_dag.py
[2025-10-10T15:42:36.383+0000] {processor.py:829} INFO - Processing file /opt/airflow/dags/bitcoin_price_dag.py for tasks to queue
[2025-10-10T15:42:36.384+0000] {logging_mixin.py:151} INFO - [2025-10-10T15:42:36.383+0000] {dagbag.py:539} INFO - Filling up the DagBag from /opt/airflow/dags/bitcoin_price_dag.py
[2025-10-10T15:42:36.392+0000] {processor.py:839} INFO - DAG(s) dict_keys(['bitcoin_price_dag']) retrieved from /opt/airflow/dags/bitcoin_price_dag.py
[2025-10-10T15:42:36.407+0000] {logging_mixin.py:151} INFO - [2025-10-10T15:42:36.406+0000] {dag.py:2907} INFO - Sync 1 DAGs
[2025-10-10T15:42:36.417+0000] {logging_mixin.py:151} INFO - [2025-10-10T15:42:36.416+0000] {dag.py:3677} INFO - Setting next_dagrun for bitcoin_price_dag to 2025-10-10T14:00:00+00:00, run_after=2025-10-10T15:00:00+00:00
[2025-10-10T15:42:36.423+0000] {processor.py:179} INFO - Processing /opt/airflow/dags/bitcoin_price_dag.py took 0.042 seconds
[2025-10-10T15:43:06.635+0000] {processor.py:157} INFO - Started process (PID=221) to work on /opt/airflow/dags/bitcoin_price_dag.py
[2025-10-10T15:43:06.636+0000] {processor.py:829} INFO - Processing file /opt/airflow/dags/bitcoin_price_dag.py for tasks to queue
[2025-10-10T15:43:06.636+0000] {logging_mixin.py:151} INFO - [2025-10-10T15:43:06.636+0000] {dagbag.py:539} INFO - Filling up the DagBag from /opt/airflow/dags/bitcoin_price_dag.py
[2025-10-10T15:43:06.643+0000] {processor.py:839} INFO - DAG(s) dict_keys(['bitcoin_price_dag']) retrieved from /opt/airflow/dags/bitcoin_price_dag.py
[2025-10-10T15:43:06.657+0000] {logging_mixin.py:151} INFO - [2025-10-10T15:43:06.657+0000] {dag.py:2907} INFO - Sync 1 DAGs
[2025-10-10T15:43:06.667+0000] {logging_mixin.py:151} INFO - [2025-10-10T15:43:06.666+0000] {dag.py:3677} INFO - Setting next_dagrun for bitcoin_price_dag to 2025-10-10T14:00:00+00:00, run_after=2025-10-10T15:00:00+00:00
[2025-10-10T15:43:06.673+0000] {processor.py:179} INFO - Processing /opt/airflow/dags/bitcoin_price_dag.py took 0.040 seconds
[2025-10-10T15:43:36.882+0000] {processor.py:157} INFO - Started process (PID=226) to work on /opt/airflow/dags/bitcoin_price_dag.py
[2025-10-10T15:43:36.883+0000] {processor.py:829} INFO - Processing file /opt/airflow/dags/bitcoin_price_dag.py for tasks to queue
[2025-10-10T15:43:36.883+0000] {logging_mixin.py:151} INFO - [2025-10-10T15:43:36.883+0000] {dagbag.py:539} INFO - Filling up the DagBag from /opt/airflow/dags/bitcoin_price_dag.py
[2025-10-10T15:43:36.890+0000] {processor.py:839} INFO - DAG(s) dict_keys(['bitcoin_price_dag']) retrieved from /opt/airflow/dags/bitcoin_price_dag.py
[2025-10-10T15:43:36.904+0000] {logging_mixin.py:151} INFO - [2025-10-10T15:43:36.904+0000] {dag.py:2907} INFO - Sync 1 DAGs
[2025-10-10T15:43:36.914+0000] {logging_mixin.py:151} INFO - [2025-10-10T15:43:36.914+0000] {dag.py:3677} INFO - Setting next_dagrun for bitcoin_price_dag to 2025-10-10T14:00:00+00:00, run_after=2025-10-10T15:00:00+00:00
[2025-10-10T15:43:36.922+0000] {processor.py:179} INFO - Processing /opt/airflow/dags/bitcoin_price_dag.py took 0.042 seconds
[2025-10-10T15:44:07.130+0000] {processor.py:157} INFO - Started process (PID=231) to work on /opt/airflow/dags/bitcoin_price_dag.py
[2025-10-10T15:44:07.131+0000] {processor.py:829} INFO - Processing file /opt/airflow/dags/bitcoin_price_dag.py for tasks to queue
[2025-10-10T15:44:07.131+0000] {logging_mixin.py:151} INFO - [2025-10-10T15:44:07.131+0000] {dagbag.py:539} INFO - Filling up the DagBag from /opt/airflow/dags/bitcoin_price_dag.py
[2025-10-10T15:44:07.139+0000] {processor.py:839} INFO - DAG(s) dict_keys(['bitcoin_price_dag']) retrieved from /opt/airflow/dags/bitcoin_price_dag.py
[2025-10-10T15:44:07.155+0000] {logging_mixin.py:151} INFO - [2025-10-10T15:44:07.155+0000] {dag.py:2907} INFO - Sync 1 DAGs
[2025-10-10T15:44:07.166+0000] {logging_mixin.py:151} INFO - [2025-10-10T15:44:07.165+0000] {dag.py:3677} INFO - Setting next_dagrun for bitcoin_price_dag to 2025-10-10T14:00:00+00:00, run_after=2025-10-10T15:00:00+00:00
[2025-10-10T15:44:07.173+0000] {processor.py:179} INFO - Processing /opt/airflow/dags/bitcoin_price_dag.py took 0.045 seconds
[2025-10-10T15:44:37.366+0000] {processor.py:157} INFO - Started process (PID=236) to work on /opt/airflow/dags/bitcoin_price_dag.py
[2025-10-10T15:44:37.366+0000] {processor.py:829} INFO - Processing file /opt/airflow/dags/bitcoin_price_dag.py for tasks to queue
[2025-10-10T15:44:37.367+0000] {logging_mixin.py:151} INFO - [2025-10-10T15:44:37.367+0000] {dagbag.py:539} INFO - Filling up the DagBag from /opt/airflow/dags/bitcoin_price_dag.py
[2025-10-10T15:44:37.373+0000] {processor.py:839} INFO - DAG(s) dict_keys(['bitcoin_price_dag']) retrieved from /opt/airflow/dags/bitcoin_price_dag.py
[2025-10-10T15:44:37.385+0000] {logging_mixin.py:151} INFO - [2025-10-10T15:44:37.385+0000] {dag.py:2907} INFO - Sync 1 DAGs
[2025-10-10T15:44:37.394+0000] {logging_mixin.py:151} INFO - [2025-10-10T15:44:37.394+0000] {dag.py:3677} INFO - Setting next_dagrun for bitcoin_price_dag to 2025-10-10T14:00:00+00:00, run_after=2025-10-10T15:00:00+00:00
[2025-10-10T15:44:37.451+0000] {processor.py:179} INFO - Processing /opt/airflow/dags/bitcoin_price_dag.py took 0.087 seconds
[2025-10-10T15:45:07.594+0000] {processor.py:157} INFO - Started process (PID=241) to work on /opt/airflow/dags/bitcoin_price_dag.py
[2025-10-10T15:45:07.594+0000] {processor.py:829} INFO - Processing file /opt/airflow/dags/bitcoin_price_dag.py for tasks to queue
[2025-10-10T15:45:07.595+0000] {logging_mixin.py:151} INFO - [2025-10-10T15:45:07.595+0000] {dagbag.py:539} INFO - Filling up the DagBag from /opt/airflow/dags/bitcoin_price_dag.py
[2025-10-10T15:45:07.603+0000] {processor.py:839} INFO - DAG(s) dict_keys(['bitcoin_price_dag']) retrieved from /opt/airflow/dags/bitcoin_price_dag.py
[2025-10-10T15:45:07.617+0000] {logging_mixin.py:151} INFO - [2025-10-10T15:45:07.617+0000] {dag.py:2907} INFO - Sync 1 DAGs
[2025-10-10T15:45:07.676+0000] {logging_mixin.py:151} INFO - [2025-10-10T15:45:07.676+0000] {dag.py:3677} INFO - Setting next_dagrun for bitcoin_price_dag to 2025-10-10T14:00:00+00:00, run_after=2025-10-10T15:00:00+00:00
[2025-10-10T15:45:07.682+0000] {processor.py:179} INFO - Processing /opt/airflow/dags/bitcoin_price_dag.py took 0.090 seconds
[2025-10-10T15:45:37.846+0000] {processor.py:157} INFO - Started process (PID=246) to work on /opt/airflow/dags/bitcoin_price_dag.py
[2025-10-10T15:45:37.847+0000] {processor.py:829} INFO - Processing file /opt/airflow/dags/bitcoin_price_dag.py for tasks to queue
[2025-10-10T15:45:37.848+0000] {logging_mixin.py:151} INFO - [2025-10-10T15:45:37.848+0000] {dagbag.py:539} INFO - Filling up the DagBag from /opt/airflow/dags/bitcoin_price_dag.py
[2025-10-10T15:45:37.857+0000] {processor.py:839} INFO - DAG(s) dict_keys(['bitcoin_price_dag']) retrieved from /opt/airflow/dags/bitcoin_price_dag.py
[2025-10-10T15:45:37.874+0000] {logging_mixin.py:151} INFO - [2025-10-10T15:45:37.874+0000] {dag.py:2907} INFO - Sync 1 DAGs
[2025-10-10T15:45:37.955+0000] {logging_mixin.py:151} INFO - [2025-10-10T15:45:37.955+0000] {dag.py:3677} INFO - Setting next_dagrun for bitcoin_price_dag to 2025-10-10T14:00:00+00:00, run_after=2025-10-10T15:00:00+00:00
[2025-10-10T15:45:37.961+0000] {processor.py:179} INFO - Processing /opt/airflow/dags/bitcoin_price_dag.py took 0.117 seconds
[2025-10-10T15:46:08.058+0000] {processor.py:157} INFO - Started process (PID=251) to work on /opt/airflow/dags/bitcoin_price_dag.py
[2025-10-10T15:46:08.058+0000] {processor.py:829} INFO - Processing file /opt/airflow/dags/bitcoin_price_dag.py for tasks to queue
[2025-10-10T15:46:08.059+0000] {logging_mixin.py:151} INFO - [2025-10-10T15:46:08.059+0000] {dagbag.py:539} INFO - Filling up the DagBag from /opt/airflow/dags/bitcoin_price_dag.py
[2025-10-10T15:46:08.065+0000] {processor.py:839} INFO - DAG(s) dict_keys(['bitcoin_price_dag']) retrieved from /opt/airflow/dags/bitcoin_price_dag.py
[2025-10-10T15:46:08.135+0000] {logging_mixin.py:151} INFO - [2025-10-10T15:46:08.135+0000] {dag.py:2907} INFO - Sync 1 DAGs
[2025-10-10T15:46:08.143+0000] {logging_mixin.py:151} INFO - [2025-10-10T15:46:08.143+0000] {dag.py:3677} INFO - Setting next_dagrun for bitcoin_price_dag to 2025-10-10T14:00:00+00:00, run_after=2025-10-10T15:00:00+00:00
[2025-10-10T15:46:08.148+0000] {processor.py:179} INFO - Processing /opt/airflow/dags/bitcoin_price_dag.py took 0.092 seconds
[2025-10-10T15:46:38.304+0000] {processor.py:157} INFO - Started process (PID=256) to work on /opt/airflow/dags/bitcoin_price_dag.py
[2025-10-10T15:46:38.304+0000] {processor.py:829} INFO - Processing file /opt/airflow/dags/bitcoin_price_dag.py for tasks to queue
[2025-10-10T15:46:38.305+0000] {logging_mixin.py:151} INFO - [2025-10-10T15:46:38.305+0000] {dagbag.py:539} INFO - Filling up the DagBag from /opt/airflow/dags/bitcoin_price_dag.py
[2025-10-10T15:46:38.314+0000] {processor.py:839} INFO - DAG(s) dict_keys(['bitcoin_price_dag']) retrieved from /opt/airflow/dags/bitcoin_price_dag.py
[2025-10-10T15:46:38.380+0000] {logging_mixin.py:151} INFO - [2025-10-10T15:46:38.380+0000] {dag.py:2907} INFO - Sync 1 DAGs
[2025-10-10T15:46:38.387+0000] {logging_mixin.py:151} INFO - [2025-10-10T15:46:38.387+0000] {dag.py:3677} INFO - Setting next_dagrun for bitcoin_price_dag to 2025-10-10T14:00:00+00:00, run_after=2025-10-10T15:00:00+00:00
[2025-10-10T15:46:38.394+0000] {processor.py:179} INFO - Processing /opt/airflow/dags/bitcoin_price_dag.py took 0.093 seconds
[2025-10-10T15:47:08.629+0000] {processor.py:157} INFO - Started process (PID=261) to work on /opt/airflow/dags/bitcoin_price_dag.py
[2025-10-10T15:47:08.629+0000] {processor.py:829} INFO - Processing file /opt/airflow/dags/bitcoin_price_dag.py for tasks to queue
[2025-10-10T15:47:08.630+0000] {logging_mixin.py:151} INFO - [2025-10-10T15:47:08.630+0000] {dagbag.py:539} INFO - Filling up the DagBag from /opt/airflow/dags/bitcoin_price_dag.py
[2025-10-10T15:47:08.639+0000] {processor.py:839} INFO - DAG(s) dict_keys(['bitcoin_price_dag']) retrieved from /opt/airflow/dags/bitcoin_price_dag.py
[2025-10-10T15:47:08.656+0000] {logging_mixin.py:151} INFO - [2025-10-10T15:47:08.655+0000] {dag.py:2907} INFO - Sync 1 DAGs
[2025-10-10T15:47:08.667+0000] {logging_mixin.py:151} INFO - [2025-10-10T15:47:08.667+0000] {dag.py:3677} INFO - Setting next_dagrun for bitcoin_price_dag to 2025-10-10T14:00:00+00:00, run_after=2025-10-10T15:00:00+00:00
[2025-10-10T15:47:08.675+0000] {processor.py:179} INFO - Processing /opt/airflow/dags/bitcoin_price_dag.py took 0.048 seconds
[2025-10-10T15:47:38.840+0000] {processor.py:157} INFO - Started process (PID=266) to work on /opt/airflow/dags/bitcoin_price_dag.py
[2025-10-10T15:47:38.840+0000] {processor.py:829} INFO - Processing file /opt/airflow/dags/bitcoin_price_dag.py for tasks to queue
[2025-10-10T15:47:38.841+0000] {logging_mixin.py:151} INFO - [2025-10-10T15:47:38.841+0000] {dagbag.py:539} INFO - Filling up the DagBag from /opt/airflow/dags/bitcoin_price_dag.py
[2025-10-10T15:47:38.850+0000] {processor.py:839} INFO - DAG(s) dict_keys(['bitcoin_price_dag']) retrieved from /opt/airflow/dags/bitcoin_price_dag.py
[2025-10-10T15:47:38.865+0000] {logging_mixin.py:151} INFO - [2025-10-10T15:47:38.865+0000] {dag.py:2907} INFO - Sync 1 DAGs
[2025-10-10T15:47:38.874+0000] {logging_mixin.py:151} INFO - [2025-10-10T15:47:38.874+0000] {dag.py:3677} INFO - Setting next_dagrun for bitcoin_price_dag to 2025-10-10T14:00:00+00:00, run_after=2025-10-10T15:00:00+00:00
[2025-10-10T15:47:38.881+0000] {processor.py:179} INFO - Processing /opt/airflow/dags/bitcoin_price_dag.py took 0.043 seconds
[2025-10-10T15:48:09.116+0000] {processor.py:157} INFO - Started process (PID=276) to work on /opt/airflow/dags/bitcoin_price_dag.py
[2025-10-10T15:48:09.117+0000] {processor.py:829} INFO - Processing file /opt/airflow/dags/bitcoin_price_dag.py for tasks to queue
[2025-10-10T15:48:09.117+0000] {logging_mixin.py:151} INFO - [2025-10-10T15:48:09.117+0000] {dagbag.py:539} INFO - Filling up the DagBag from /opt/airflow/dags/bitcoin_price_dag.py
[2025-10-10T15:48:09.124+0000] {processor.py:839} INFO - DAG(s) dict_keys(['bitcoin_price_dag']) retrieved from /opt/airflow/dags/bitcoin_price_dag.py
[2025-10-10T15:48:09.139+0000] {logging_mixin.py:151} INFO - [2025-10-10T15:48:09.139+0000] {dag.py:2907} INFO - Sync 1 DAGs
[2025-10-10T15:48:09.148+0000] {logging_mixin.py:151} INFO - [2025-10-10T15:48:09.148+0000] {dag.py:3677} INFO - Setting next_dagrun for bitcoin_price_dag to 2025-10-10T14:00:00+00:00, run_after=2025-10-10T15:00:00+00:00
[2025-10-10T15:48:09.155+0000] {processor.py:179} INFO - Processing /opt/airflow/dags/bitcoin_price_dag.py took 0.040 seconds
[2025-10-10T15:48:39.364+0000] {processor.py:157} INFO - Started process (PID=286) to work on /opt/airflow/dags/bitcoin_price_dag.py
[2025-10-10T15:48:39.365+0000] {processor.py:829} INFO - Processing file /opt/airflow/dags/bitcoin_price_dag.py for tasks to queue
[2025-10-10T15:48:39.365+0000] {logging_mixin.py:151} INFO - [2025-10-10T15:48:39.365+0000] {dagbag.py:539} INFO - Filling up the DagBag from /opt/airflow/dags/bitcoin_price_dag.py
[2025-10-10T15:48:39.373+0000] {processor.py:839} INFO - DAG(s) dict_keys(['bitcoin_price_dag']) retrieved from /opt/airflow/dags/bitcoin_price_dag.py
[2025-10-10T15:48:39.387+0000] {logging_mixin.py:151} INFO - [2025-10-10T15:48:39.387+0000] {dag.py:2907} INFO - Sync 1 DAGs
[2025-10-10T15:48:39.397+0000] {logging_mixin.py:151} INFO - [2025-10-10T15:48:39.396+0000] {dag.py:3677} INFO - Setting next_dagrun for bitcoin_price_dag to 2025-10-10T14:00:00+00:00, run_after=2025-10-10T15:00:00+00:00
[2025-10-10T15:48:39.403+0000] {processor.py:179} INFO - Processing /opt/airflow/dags/bitcoin_price_dag.py took 0.041 seconds
[2025-10-10T15:49:09.628+0000] {processor.py:157} INFO - Started process (PID=296) to work on /opt/airflow/dags/bitcoin_price_dag.py
[2025-10-10T15:49:09.629+0000] {processor.py:829} INFO - Processing file /opt/airflow/dags/bitcoin_price_dag.py for tasks to queue
[2025-10-10T15:49:09.629+0000] {logging_mixin.py:151} INFO - [2025-10-10T15:49:09.629+0000] {dagbag.py:539} INFO - Filling up the DagBag from /opt/airflow/dags/bitcoin_price_dag.py
[2025-10-10T15:49:09.637+0000] {processor.py:839} INFO - DAG(s) dict_keys(['bitcoin_price_dag']) retrieved from /opt/airflow/dags/bitcoin_price_dag.py
[2025-10-10T15:49:09.651+0000] {logging_mixin.py:151} INFO - [2025-10-10T15:49:09.651+0000] {dag.py:2907} INFO - Sync 1 DAGs
[2025-10-10T15:49:09.660+0000] {logging_mixin.py:151} INFO - [2025-10-10T15:49:09.660+0000] {dag.py:3677} INFO - Setting next_dagrun for bitcoin_price_dag to 2025-10-10T14:00:00+00:00, run_after=2025-10-10T15:00:00+00:00
[2025-10-10T15:49:09.667+0000] {processor.py:179} INFO - Processing /opt/airflow/dags/bitcoin_price_dag.py took 0.040 seconds
[2025-10-10T15:49:39.891+0000] {processor.py:157} INFO - Started process (PID=306) to work on /opt/airflow/dags/bitcoin_price_dag.py
[2025-10-10T15:49:39.892+0000] {processor.py:829} INFO - Processing file /opt/airflow/dags/bitcoin_price_dag.py for tasks to queue
[2025-10-10T15:49:39.892+0000] {logging_mixin.py:151} INFO - [2025-10-10T15:49:39.892+0000] {dagbag.py:539} INFO - Filling up the DagBag from /opt/airflow/dags/bitcoin_price_dag.py
[2025-10-10T15:49:39.901+0000] {processor.py:839} INFO - DAG(s) dict_keys(['bitcoin_price_dag']) retrieved from /opt/airflow/dags/bitcoin_price_dag.py
[2025-10-10T15:49:39.915+0000] {logging_mixin.py:151} INFO - [2025-10-10T15:49:39.914+0000] {dag.py:2907} INFO - Sync 1 DAGs
[2025-10-10T15:49:39.925+0000] {logging_mixin.py:151} INFO - [2025-10-10T15:49:39.925+0000] {dag.py:3677} INFO - Setting next_dagrun for bitcoin_price_dag to 2025-10-10T14:00:00+00:00, run_after=2025-10-10T15:00:00+00:00
[2025-10-10T15:49:39.932+0000] {processor.py:179} INFO - Processing /opt/airflow/dags/bitcoin_price_dag.py took 0.043 seconds
[2025-10-10T15:50:10.194+0000] {processor.py:157} INFO - Started process (PID=316) to work on /opt/airflow/dags/bitcoin_price_dag.py
[2025-10-10T15:50:10.195+0000] {processor.py:829} INFO - Processing file /opt/airflow/dags/bitcoin_price_dag.py for tasks to queue
[2025-10-10T15:50:10.196+0000] {logging_mixin.py:151} INFO - [2025-10-10T15:50:10.196+0000] {dagbag.py:539} INFO - Filling up the DagBag from /opt/airflow/dags/bitcoin_price_dag.py
[2025-10-10T15:50:10.206+0000] {processor.py:839} INFO - DAG(s) dict_keys(['bitcoin_price_dag']) retrieved from /opt/airflow/dags/bitcoin_price_dag.py
[2025-10-10T15:50:10.222+0000] {logging_mixin.py:151} INFO - [2025-10-10T15:50:10.222+0000] {dag.py:2907} INFO - Sync 1 DAGs
[2025-10-10T15:50:10.232+0000] {logging_mixin.py:151} INFO - [2025-10-10T15:50:10.232+0000] {dag.py:3677} INFO - Setting next_dagrun for bitcoin_price_dag to 2025-10-10T14:00:00+00:00, run_after=2025-10-10T15:00:00+00:00
[2025-10-10T15:50:10.239+0000] {processor.py:179} INFO - Processing /opt/airflow/dags/bitcoin_price_dag.py took 0.048 seconds
[2025-10-10T15:50:40.488+0000] {processor.py:157} INFO - Started process (PID=326) to work on /opt/airflow/dags/bitcoin_price_dag.py
[2025-10-10T15:50:40.489+0000] {processor.py:829} INFO - Processing file /opt/airflow/dags/bitcoin_price_dag.py for tasks to queue
[2025-10-10T15:50:40.490+0000] {logging_mixin.py:151} INFO - [2025-10-10T15:50:40.489+0000] {dagbag.py:539} INFO - Filling up the DagBag from /opt/airflow/dags/bitcoin_price_dag.py
[2025-10-10T15:50:40.500+0000] {processor.py:839} INFO - DAG(s) dict_keys(['bitcoin_price_dag']) retrieved from /opt/airflow/dags/bitcoin_price_dag.py
[2025-10-10T15:50:40.519+0000] {logging_mixin.py:151} INFO - [2025-10-10T15:50:40.519+0000] {dag.py:2907} INFO - Sync 1 DAGs
[2025-10-10T15:50:40.529+0000] {logging_mixin.py:151} INFO - [2025-10-10T15:50:40.529+0000] {dag.py:3677} INFO - Setting next_dagrun for bitcoin_price_dag to 2025-10-10T14:00:00+00:00, run_after=2025-10-10T15:00:00+00:00
[2025-10-10T15:50:40.536+0000] {processor.py:179} INFO - Processing /opt/airflow/dags/bitcoin_price_dag.py took 0.051 seconds
[2025-10-10T15:51:10.810+0000] {processor.py:157} INFO - Started process (PID=336) to work on /opt/airflow/dags/bitcoin_price_dag.py
[2025-10-10T15:51:10.811+0000] {processor.py:829} INFO - Processing file /opt/airflow/dags/bitcoin_price_dag.py for tasks to queue
[2025-10-10T15:51:10.811+0000] {logging_mixin.py:151} INFO - [2025-10-10T15:51:10.811+0000] {dagbag.py:539} INFO - Filling up the DagBag from /opt/airflow/dags/bitcoin_price_dag.py
[2025-10-10T15:51:10.821+0000] {processor.py:839} INFO - DAG(s) dict_keys(['bitcoin_price_dag']) retrieved from /opt/airflow/dags/bitcoin_price_dag.py
[2025-10-10T15:51:10.838+0000] {logging_mixin.py:151} INFO - [2025-10-10T15:51:10.838+0000] {dag.py:2907} INFO - Sync 1 DAGs
[2025-10-10T15:51:10.848+0000] {logging_mixin.py:151} INFO - [2025-10-10T15:51:10.848+0000] {dag.py:3677} INFO - Setting next_dagrun for bitcoin_price_dag to 2025-10-10T14:00:00+00:00, run_after=2025-10-10T15:00:00+00:00
[2025-10-10T15:51:10.855+0000] {processor.py:179} INFO - Processing /opt/airflow/dags/bitcoin_price_dag.py took 0.048 seconds
[2025-10-10T15:51:41.149+0000] {processor.py:157} INFO - Started process (PID=346) to work on /opt/airflow/dags/bitcoin_price_dag.py
[2025-10-10T15:51:41.150+0000] {processor.py:829} INFO - Processing file /opt/airflow/dags/bitcoin_price_dag.py for tasks to queue
[2025-10-10T15:51:41.150+0000] {logging_mixin.py:151} INFO - [2025-10-10T15:51:41.150+0000] {dagbag.py:539} INFO - Filling up the DagBag from /opt/airflow/dags/bitcoin_price_dag.py
[2025-10-10T15:51:41.159+0000] {processor.py:839} INFO - DAG(s) dict_keys(['bitcoin_price_dag']) retrieved from /opt/airflow/dags/bitcoin_price_dag.py
[2025-10-10T15:51:41.177+0000] {logging_mixin.py:151} INFO - [2025-10-10T15:51:41.177+0000] {dag.py:2907} INFO - Sync 1 DAGs
[2025-10-10T15:51:41.186+0000] {logging_mixin.py:151} INFO - [2025-10-10T15:51:41.186+0000] {dag.py:3677} INFO - Setting next_dagrun for bitcoin_price_dag to 2025-10-10T14:00:00+00:00, run_after=2025-10-10T15:00:00+00:00
[2025-10-10T15:51:41.193+0000] {processor.py:179} INFO - Processing /opt/airflow/dags/bitcoin_price_dag.py took 0.047 seconds
[2025-10-10T15:52:11.440+0000] {processor.py:157} INFO - Started process (PID=356) to work on /opt/airflow/dags/bitcoin_price_dag.py
[2025-10-10T15:52:11.441+0000] {processor.py:829} INFO - Processing file /opt/airflow/dags/bitcoin_price_dag.py for tasks to queue
[2025-10-10T15:52:11.441+0000] {logging_mixin.py:151} INFO - [2025-10-10T15:52:11.441+0000] {dagbag.py:539} INFO - Filling up the DagBag from /opt/airflow/dags/bitcoin_price_dag.py
[2025-10-10T15:52:11.451+0000] {processor.py:839} INFO - DAG(s) dict_keys(['bitcoin_price_dag']) retrieved from /opt/airflow/dags/bitcoin_price_dag.py
[2025-10-10T15:52:11.470+0000] {logging_mixin.py:151} INFO - [2025-10-10T15:52:11.470+0000] {dag.py:2907} INFO - Sync 1 DAGs
[2025-10-10T15:52:11.479+0000] {logging_mixin.py:151} INFO - [2025-10-10T15:52:11.479+0000] {dag.py:3677} INFO - Setting next_dagrun for bitcoin_price_dag to 2025-10-10T14:00:00+00:00, run_after=2025-10-10T15:00:00+00:00
[2025-10-10T15:52:11.486+0000] {processor.py:179} INFO - Processing /opt/airflow/dags/bitcoin_price_dag.py took 0.049 seconds
[2025-10-10T15:52:41.765+0000] {processor.py:157} INFO - Started process (PID=366) to work on /opt/airflow/dags/bitcoin_price_dag.py
[2025-10-10T15:52:41.765+0000] {processor.py:829} INFO - Processing file /opt/airflow/dags/bitcoin_price_dag.py for tasks to queue
[2025-10-10T15:52:41.766+0000] {logging_mixin.py:151} INFO - [2025-10-10T15:52:41.766+0000] {dagbag.py:539} INFO - Filling up the DagBag from /opt/airflow/dags/bitcoin_price_dag.py
[2025-10-10T15:52:41.775+0000] {processor.py:839} INFO - DAG(s) dict_keys(['bitcoin_price_dag']) retrieved from /opt/airflow/dags/bitcoin_price_dag.py
[2025-10-10T15:52:41.792+0000] {logging_mixin.py:151} INFO - [2025-10-10T15:52:41.792+0000] {dag.py:2907} INFO - Sync 1 DAGs
[2025-10-10T15:52:41.802+0000] {logging_mixin.py:151} INFO - [2025-10-10T15:52:41.802+0000] {dag.py:3677} INFO - Setting next_dagrun for bitcoin_price_dag to 2025-10-10T14:00:00+00:00, run_after=2025-10-10T15:00:00+00:00
[2025-10-10T15:52:41.809+0000] {processor.py:179} INFO - Processing /opt/airflow/dags/bitcoin_price_dag.py took 0.047 seconds
[2025-10-10T15:53:12.120+0000] {processor.py:157} INFO - Started process (PID=376) to work on /opt/airflow/dags/bitcoin_price_dag.py
[2025-10-10T15:53:12.121+0000] {processor.py:829} INFO - Processing file /opt/airflow/dags/bitcoin_price_dag.py for tasks to queue
[2025-10-10T15:53:12.122+0000] {logging_mixin.py:151} INFO - [2025-10-10T15:53:12.121+0000] {dagbag.py:539} INFO - Filling up the DagBag from /opt/airflow/dags/bitcoin_price_dag.py
[2025-10-10T15:53:12.131+0000] {processor.py:839} INFO - DAG(s) dict_keys(['bitcoin_price_dag']) retrieved from /opt/airflow/dags/bitcoin_price_dag.py
[2025-10-10T15:53:12.146+0000] {logging_mixin.py:151} INFO - [2025-10-10T15:53:12.146+0000] {dag.py:2907} INFO - Sync 1 DAGs
[2025-10-10T15:53:12.156+0000] {logging_mixin.py:151} INFO - [2025-10-10T15:53:12.156+0000] {dag.py:3677} INFO - Setting next_dagrun for bitcoin_price_dag to 2025-10-10T14:00:00+00:00, run_after=2025-10-10T15:00:00+00:00
[2025-10-10T15:53:12.164+0000] {processor.py:179} INFO - Processing /opt/airflow/dags/bitcoin_price_dag.py took 0.046 seconds
[2025-10-10T15:53:42.430+0000] {processor.py:157} INFO - Started process (PID=386) to work on /opt/airflow/dags/bitcoin_price_dag.py
[2025-10-10T15:53:42.430+0000] {processor.py:829} INFO - Processing file /opt/airflow/dags/bitcoin_price_dag.py for tasks to queue
[2025-10-10T15:53:42.430+0000] {logging_mixin.py:151} INFO - [2025-10-10T15:53:42.430+0000] {dagbag.py:539} INFO - Filling up the DagBag from /opt/airflow/dags/bitcoin_price_dag.py
[2025-10-10T15:53:42.436+0000] {processor.py:839} INFO - DAG(s) dict_keys(['bitcoin_price_dag']) retrieved from /opt/airflow/dags/bitcoin_price_dag.py
[2025-10-10T15:53:42.448+0000] {logging_mixin.py:151} INFO - [2025-10-10T15:53:42.448+0000] {dag.py:2907} INFO - Sync 1 DAGs
[2025-10-10T15:53:42.457+0000] {logging_mixin.py:151} INFO - [2025-10-10T15:53:42.457+0000] {dag.py:3677} INFO - Setting next_dagrun for bitcoin_price_dag to 2025-10-10T14:00:00+00:00, run_after=2025-10-10T15:00:00+00:00
[2025-10-10T15:53:42.463+0000] {processor.py:179} INFO - Processing /opt/airflow/dags/bitcoin_price_dag.py took 0.035 seconds
[2025-10-10T15:54:12.755+0000] {processor.py:157} INFO - Started process (PID=396) to work on /opt/airflow/dags/bitcoin_price_dag.py
[2025-10-10T15:54:12.755+0000] {processor.py:829} INFO - Processing file /opt/airflow/dags/bitcoin_price_dag.py for tasks to queue
[2025-10-10T15:54:12.755+0000] {logging_mixin.py:151} INFO - [2025-10-10T15:54:12.755+0000] {dagbag.py:539} INFO - Filling up the DagBag from /opt/airflow/dags/bitcoin_price_dag.py
[2025-10-10T15:54:12.761+0000] {processor.py:839} INFO - DAG(s) dict_keys(['bitcoin_price_dag']) retrieved from /opt/airflow/dags/bitcoin_price_dag.py
[2025-10-10T15:54:12.774+0000] {logging_mixin.py:151} INFO - [2025-10-10T15:54:12.774+0000] {dag.py:2907} INFO - Sync 1 DAGs
[2025-10-10T15:54:12.783+0000] {logging_mixin.py:151} INFO - [2025-10-10T15:54:12.783+0000] {dag.py:3677} INFO - Setting next_dagrun for bitcoin_price_dag to 2025-10-10T14:00:00+00:00, run_after=2025-10-10T15:00:00+00:00
[2025-10-10T15:54:12.791+0000] {processor.py:179} INFO - Processing /opt/airflow/dags/bitcoin_price_dag.py took 0.038 seconds
[2025-10-10T15:54:43.054+0000] {processor.py:157} INFO - Started process (PID=409) to work on /opt/airflow/dags/bitcoin_price_dag.py
[2025-10-10T15:54:43.054+0000] {processor.py:829} INFO - Processing file /opt/airflow/dags/bitcoin_price_dag.py for tasks to queue
[2025-10-10T15:54:43.055+0000] {logging_mixin.py:151} INFO - [2025-10-10T15:54:43.055+0000] {dagbag.py:539} INFO - Filling up the DagBag from /opt/airflow/dags/bitcoin_price_dag.py
[2025-10-10T15:54:43.065+0000] {processor.py:839} INFO - DAG(s) dict_keys(['bitcoin_price_dag']) retrieved from /opt/airflow/dags/bitcoin_price_dag.py
[2025-10-10T15:54:43.083+0000] {logging_mixin.py:151} INFO - [2025-10-10T15:54:43.083+0000] {dag.py:2907} INFO - Sync 1 DAGs
[2025-10-10T15:54:43.093+0000] {logging_mixin.py:151} INFO - [2025-10-10T15:54:43.093+0000] {dag.py:3677} INFO - Setting next_dagrun for bitcoin_price_dag to 2025-10-10T14:00:00+00:00, run_after=2025-10-10T15:00:00+00:00
[2025-10-10T15:54:43.100+0000] {processor.py:179} INFO - Processing /opt/airflow/dags/bitcoin_price_dag.py took 0.049 seconds
[2025-10-10T15:55:13.378+0000] {processor.py:157} INFO - Started process (PID=419) to work on /opt/airflow/dags/bitcoin_price_dag.py
[2025-10-10T15:55:13.379+0000] {processor.py:829} INFO - Processing file /opt/airflow/dags/bitcoin_price_dag.py for tasks to queue
[2025-10-10T15:55:13.380+0000] {logging_mixin.py:151} INFO - [2025-10-10T15:55:13.380+0000] {dagbag.py:539} INFO - Filling up the DagBag from /opt/airflow/dags/bitcoin_price_dag.py
[2025-10-10T15:55:13.391+0000] {processor.py:839} INFO - DAG(s) dict_keys(['bitcoin_price_dag']) retrieved from /opt/airflow/dags/bitcoin_price_dag.py
[2025-10-10T15:55:13.408+0000] {logging_mixin.py:151} INFO - [2025-10-10T15:55:13.408+0000] {dag.py:2907} INFO - Sync 1 DAGs
[2025-10-10T15:55:13.418+0000] {logging_mixin.py:151} INFO - [2025-10-10T15:55:13.418+0000] {dag.py:3677} INFO - Setting next_dagrun for bitcoin_price_dag to 2025-10-10T14:00:00+00:00, run_after=2025-10-10T15:00:00+00:00
[2025-10-10T15:55:13.425+0000] {processor.py:179} INFO - Processing /opt/airflow/dags/bitcoin_price_dag.py took 0.051 seconds
[2025-10-10T15:55:43.669+0000] {processor.py:157} INFO - Started process (PID=429) to work on /opt/airflow/dags/bitcoin_price_dag.py
[2025-10-10T15:55:43.670+0000] {processor.py:829} INFO - Processing file /opt/airflow/dags/bitcoin_price_dag.py for tasks to queue
[2025-10-10T15:55:43.670+0000] {logging_mixin.py:151} INFO - [2025-10-10T15:55:43.670+0000] {dagbag.py:539} INFO - Filling up the DagBag from /opt/airflow/dags/bitcoin_price_dag.py
[2025-10-10T15:55:43.681+0000] {processor.py:839} INFO - DAG(s) dict_keys(['bitcoin_price_dag']) retrieved from /opt/airflow/dags/bitcoin_price_dag.py
[2025-10-10T15:55:43.700+0000] {logging_mixin.py:151} INFO - [2025-10-10T15:55:43.700+0000] {dag.py:2907} INFO - Sync 1 DAGs
[2025-10-10T15:55:43.711+0000] {logging_mixin.py:151} INFO - [2025-10-10T15:55:43.711+0000] {dag.py:3677} INFO - Setting next_dagrun for bitcoin_price_dag to 2025-10-10T14:00:00+00:00, run_after=2025-10-10T15:00:00+00:00
[2025-10-10T15:55:43.719+0000] {processor.py:179} INFO - Processing /opt/airflow/dags/bitcoin_price_dag.py took 0.053 seconds
[2025-10-10T15:56:13.940+0000] {processor.py:157} INFO - Started process (PID=439) to work on /opt/airflow/dags/bitcoin_price_dag.py
[2025-10-10T15:56:13.941+0000] {processor.py:829} INFO - Processing file /opt/airflow/dags/bitcoin_price_dag.py for tasks to queue
[2025-10-10T15:56:13.941+0000] {logging_mixin.py:151} INFO - [2025-10-10T15:56:13.941+0000] {dagbag.py:539} INFO - Filling up the DagBag from /opt/airflow/dags/bitcoin_price_dag.py
[2025-10-10T15:56:13.949+0000] {processor.py:839} INFO - DAG(s) dict_keys(['bitcoin_price_dag']) retrieved from /opt/airflow/dags/bitcoin_price_dag.py
[2025-10-10T15:56:13.965+0000] {logging_mixin.py:151} INFO - [2025-10-10T15:56:13.965+0000] {dag.py:2907} INFO - Sync 1 DAGs
[2025-10-10T15:56:13.975+0000] {logging_mixin.py:151} INFO - [2025-10-10T15:56:13.975+0000] {dag.py:3677} INFO - Setting next_dagrun for bitcoin_price_dag to 2025-10-10T14:00:00+00:00, run_after=2025-10-10T15:00:00+00:00
[2025-10-10T15:56:13.981+0000] {processor.py:179} INFO - Processing /opt/airflow/dags/bitcoin_price_dag.py took 0.043 seconds
[2025-10-10T15:56:44.225+0000] {processor.py:157} INFO - Started process (PID=449) to work on /opt/airflow/dags/bitcoin_price_dag.py
[2025-10-10T15:56:44.226+0000] {processor.py:829} INFO - Processing file /opt/airflow/dags/bitcoin_price_dag.py for tasks to queue
[2025-10-10T15:56:44.226+0000] {logging_mixin.py:151} INFO - [2025-10-10T15:56:44.226+0000] {dagbag.py:539} INFO - Filling up the DagBag from /opt/airflow/dags/bitcoin_price_dag.py
[2025-10-10T15:56:44.236+0000] {processor.py:839} INFO - DAG(s) dict_keys(['bitcoin_price_dag']) retrieved from /opt/airflow/dags/bitcoin_price_dag.py
[2025-10-10T15:56:44.252+0000] {logging_mixin.py:151} INFO - [2025-10-10T15:56:44.252+0000] {dag.py:2907} INFO - Sync 1 DAGs
[2025-10-10T15:56:44.264+0000] {logging_mixin.py:151} INFO - [2025-10-10T15:56:44.264+0000] {dag.py:3677} INFO - Setting next_dagrun for bitcoin_price_dag to 2025-10-10T14:00:00+00:00, run_after=2025-10-10T15:00:00+00:00
[2025-10-10T15:56:44.270+0000] {processor.py:179} INFO - Processing /opt/airflow/dags/bitcoin_price_dag.py took 0.048 seconds
[2025-10-10T15:57:14.505+0000] {processor.py:157} INFO - Started process (PID=459) to work on /opt/airflow/dags/bitcoin_price_dag.py
[2025-10-10T15:57:14.506+0000] {processor.py:829} INFO - Processing file /opt/airflow/dags/bitcoin_price_dag.py for tasks to queue
[2025-10-10T15:57:14.506+0000] {logging_mixin.py:151} INFO - [2025-10-10T15:57:14.506+0000] {dagbag.py:539} INFO - Filling up the DagBag from /opt/airflow/dags/bitcoin_price_dag.py
[2025-10-10T15:57:14.514+0000] {processor.py:839} INFO - DAG(s) dict_keys(['bitcoin_price_dag']) retrieved from /opt/airflow/dags/bitcoin_price_dag.py
[2025-10-10T15:57:14.529+0000] {logging_mixin.py:151} INFO - [2025-10-10T15:57:14.529+0000] {dag.py:2907} INFO - Sync 1 DAGs
[2025-10-10T15:57:14.539+0000] {logging_mixin.py:151} INFO - [2025-10-10T15:57:14.539+0000] {dag.py:3677} INFO - Setting next_dagrun for bitcoin_price_dag to 2025-10-10T14:00:00+00:00, run_after=2025-10-10T15:00:00+00:00
[2025-10-10T15:57:14.546+0000] {processor.py:179} INFO - Processing /opt/airflow/dags/bitcoin_price_dag.py took 0.043 seconds
[2025-10-10T15:57:44.826+0000] {processor.py:157} INFO - Started process (PID=469) to work on /opt/airflow/dags/bitcoin_price_dag.py
[2025-10-10T15:57:44.827+0000] {processor.py:829} INFO - Processing file /opt/airflow/dags/bitcoin_price_dag.py for tasks to queue
[2025-10-10T15:57:44.827+0000] {logging_mixin.py:151} INFO - [2025-10-10T15:57:44.827+0000] {dagbag.py:539} INFO - Filling up the DagBag from /opt/airflow/dags/bitcoin_price_dag.py
[2025-10-10T15:57:44.838+0000] {processor.py:839} INFO - DAG(s) dict_keys(['bitcoin_price_dag']) retrieved from /opt/airflow/dags/bitcoin_price_dag.py
[2025-10-10T15:57:44.854+0000] {logging_mixin.py:151} INFO - [2025-10-10T15:57:44.854+0000] {dag.py:2907} INFO - Sync 1 DAGs
[2025-10-10T15:57:44.864+0000] {logging_mixin.py:151} INFO - [2025-10-10T15:57:44.863+0000] {dag.py:3677} INFO - Setting next_dagrun for bitcoin_price_dag to 2025-10-10T14:00:00+00:00, run_after=2025-10-10T15:00:00+00:00
[2025-10-10T15:57:44.870+0000] {processor.py:179} INFO - Processing /opt/airflow/dags/bitcoin_price_dag.py took 0.047 seconds
[2025-10-10T15:58:15.162+0000] {processor.py:157} INFO - Started process (PID=479) to work on /opt/airflow/dags/bitcoin_price_dag.py
[2025-10-10T15:58:15.162+0000] {processor.py:829} INFO - Processing file /opt/airflow/dags/bitcoin_price_dag.py for tasks to queue
[2025-10-10T15:58:15.163+0000] {logging_mixin.py:151} INFO - [2025-10-10T15:58:15.163+0000] {dagbag.py:539} INFO - Filling up the DagBag from /opt/airflow/dags/bitcoin_price_dag.py
[2025-10-10T15:58:15.172+0000] {processor.py:839} INFO - DAG(s) dict_keys(['bitcoin_price_dag']) retrieved from /opt/airflow/dags/bitcoin_price_dag.py
[2025-10-10T15:58:15.186+0000] {logging_mixin.py:151} INFO - [2025-10-10T15:58:15.186+0000] {dag.py:2907} INFO - Sync 1 DAGs
[2025-10-10T15:58:15.195+0000] {logging_mixin.py:151} INFO - [2025-10-10T15:58:15.195+0000] {dag.py:3677} INFO - Setting next_dagrun for bitcoin_price_dag to 2025-10-10T14:00:00+00:00, run_after=2025-10-10T15:00:00+00:00
[2025-10-10T15:58:15.202+0000] {processor.py:179} INFO - Processing /opt/airflow/dags/bitcoin_price_dag.py took 0.043 seconds
[2025-10-10T15:58:45.487+0000] {processor.py:157} INFO - Started process (PID=489) to work on /opt/airflow/dags/bitcoin_price_dag.py
[2025-10-10T15:58:45.488+0000] {processor.py:829} INFO - Processing file /opt/airflow/dags/bitcoin_price_dag.py for tasks to queue
[2025-10-10T15:58:45.489+0000] {logging_mixin.py:151} INFO - [2025-10-10T15:58:45.489+0000] {dagbag.py:539} INFO - Filling up the DagBag from /opt/airflow/dags/bitcoin_price_dag.py
[2025-10-10T15:58:45.499+0000] {processor.py:839} INFO - DAG(s) dict_keys(['bitcoin_price_dag']) retrieved from /opt/airflow/dags/bitcoin_price_dag.py
[2025-10-10T15:58:45.516+0000] {logging_mixin.py:151} INFO - [2025-10-10T15:58:45.515+0000] {dag.py:2907} INFO - Sync 1 DAGs
[2025-10-10T15:58:45.525+0000] {logging_mixin.py:151} INFO - [2025-10-10T15:58:45.525+0000] {dag.py:3677} INFO - Setting next_dagrun for bitcoin_price_dag to 2025-10-10T14:00:00+00:00, run_after=2025-10-10T15:00:00+00:00
[2025-10-10T15:58:45.532+0000] {processor.py:179} INFO - Processing /opt/airflow/dags/bitcoin_price_dag.py took 0.048 seconds
[2025-10-10T15:59:15.783+0000] {processor.py:157} INFO - Started process (PID=499) to work on /opt/airflow/dags/bitcoin_price_dag.py
[2025-10-10T15:59:15.783+0000] {processor.py:829} INFO - Processing file /opt/airflow/dags/bitcoin_price_dag.py for tasks to queue
[2025-10-10T15:59:15.784+0000] {logging_mixin.py:151} INFO - [2025-10-10T15:59:15.784+0000] {dagbag.py:539} INFO - Filling up the DagBag from /opt/airflow/dags/bitcoin_price_dag.py
[2025-10-10T15:59:15.793+0000] {processor.py:839} INFO - DAG(s) dict_keys(['bitcoin_price_dag']) retrieved from /opt/airflow/dags/bitcoin_price_dag.py
[2025-10-10T15:59:15.811+0000] {logging_mixin.py:151} INFO - [2025-10-10T15:59:15.811+0000] {dag.py:2907} INFO - Sync 1 DAGs
[2025-10-10T15:59:15.821+0000] {logging_mixin.py:151} INFO - [2025-10-10T15:59:15.820+0000] {dag.py:3677} INFO - Setting next_dagrun for bitcoin_price_dag to 2025-10-10T14:00:00+00:00, run_after=2025-10-10T15:00:00+00:00
[2025-10-10T15:59:15.827+0000] {processor.py:179} INFO - Processing /opt/airflow/dags/bitcoin_price_dag.py took 0.048 seconds
[2025-10-10T15:59:46.098+0000] {processor.py:157} INFO - Started process (PID=509) to work on /opt/airflow/dags/bitcoin_price_dag.py
[2025-10-10T15:59:46.099+0000] {processor.py:829} INFO - Processing file /opt/airflow/dags/bitcoin_price_dag.py for tasks to queue
[2025-10-10T15:59:46.099+0000] {logging_mixin.py:151} INFO - [2025-10-10T15:59:46.099+0000] {dagbag.py:539} INFO - Filling up the DagBag from /opt/airflow/dags/bitcoin_price_dag.py
[2025-10-10T15:59:46.104+0000] {processor.py:839} INFO - DAG(s) dict_keys(['bitcoin_price_dag']) retrieved from /opt/airflow/dags/bitcoin_price_dag.py
[2025-10-10T15:59:46.117+0000] {logging_mixin.py:151} INFO - [2025-10-10T15:59:46.117+0000] {dag.py:2907} INFO - Sync 1 DAGs
[2025-10-10T15:59:46.126+0000] {logging_mixin.py:151} INFO - [2025-10-10T15:59:46.126+0000] {dag.py:3677} INFO - Setting next_dagrun for bitcoin_price_dag to 2025-10-10T14:00:00+00:00, run_after=2025-10-10T15:00:00+00:00
[2025-10-10T15:59:46.133+0000] {processor.py:179} INFO - Processing /opt/airflow/dags/bitcoin_price_dag.py took 0.036 seconds
[2025-10-10T16:00:16.483+0000] {processor.py:157} INFO - Started process (PID=519) to work on /opt/airflow/dags/bitcoin_price_dag.py
[2025-10-10T16:00:16.483+0000] {processor.py:829} INFO - Processing file /opt/airflow/dags/bitcoin_price_dag.py for tasks to queue
[2025-10-10T16:00:16.484+0000] {logging_mixin.py:151} INFO - [2025-10-10T16:00:16.484+0000] {dagbag.py:539} INFO - Filling up the DagBag from /opt/airflow/dags/bitcoin_price_dag.py
[2025-10-10T16:00:16.494+0000] {processor.py:839} INFO - DAG(s) dict_keys(['bitcoin_price_dag']) retrieved from /opt/airflow/dags/bitcoin_price_dag.py
[2025-10-10T16:00:16.512+0000] {logging_mixin.py:151} INFO - [2025-10-10T16:00:16.512+0000] {dag.py:2907} INFO - Sync 1 DAGs
[2025-10-10T16:00:16.521+0000] {logging_mixin.py:151} INFO - [2025-10-10T16:00:16.521+0000] {dag.py:3677} INFO - Setting next_dagrun for bitcoin_price_dag to 2025-10-10T15:00:00+00:00, run_after=2025-10-10T16:00:00+00:00
[2025-10-10T16:00:16.528+0000] {processor.py:179} INFO - Processing /opt/airflow/dags/bitcoin_price_dag.py took 0.049 seconds
[2025-10-10T16:00:46.774+0000] {processor.py:157} INFO - Started process (PID=529) to work on /opt/airflow/dags/bitcoin_price_dag.py
[2025-10-10T16:00:46.775+0000] {processor.py:829} INFO - Processing file /opt/airflow/dags/bitcoin_price_dag.py for tasks to queue
[2025-10-10T16:00:46.775+0000] {logging_mixin.py:151} INFO - [2025-10-10T16:00:46.775+0000] {dagbag.py:539} INFO - Filling up the DagBag from /opt/airflow/dags/bitcoin_price_dag.py
[2025-10-10T16:00:46.786+0000] {processor.py:839} INFO - DAG(s) dict_keys(['bitcoin_price_dag']) retrieved from /opt/airflow/dags/bitcoin_price_dag.py
[2025-10-10T16:00:46.804+0000] {logging_mixin.py:151} INFO - [2025-10-10T16:00:46.804+0000] {dag.py:2907} INFO - Sync 1 DAGs
[2025-10-10T16:00:46.814+0000] {logging_mixin.py:151} INFO - [2025-10-10T16:00:46.814+0000] {dag.py:3677} INFO - Setting next_dagrun for bitcoin_price_dag to 2025-10-10T15:00:00+00:00, run_after=2025-10-10T16:00:00+00:00
[2025-10-10T16:00:46.821+0000] {processor.py:179} INFO - Processing /opt/airflow/dags/bitcoin_price_dag.py took 0.049 seconds
[2025-10-10T16:01:17.048+0000] {processor.py:157} INFO - Started process (PID=539) to work on /opt/airflow/dags/bitcoin_price_dag.py
[2025-10-10T16:01:17.049+0000] {processor.py:829} INFO - Processing file /opt/airflow/dags/bitcoin_price_dag.py for tasks to queue
[2025-10-10T16:01:17.049+0000] {logging_mixin.py:151} INFO - [2025-10-10T16:01:17.049+0000] {dagbag.py:539} INFO - Filling up the DagBag from /opt/airflow/dags/bitcoin_price_dag.py
[2025-10-10T16:01:17.059+0000] {processor.py:839} INFO - DAG(s) dict_keys(['bitcoin_price_dag']) retrieved from /opt/airflow/dags/bitcoin_price_dag.py
[2025-10-10T16:01:17.077+0000] {logging_mixin.py:151} INFO - [2025-10-10T16:01:17.077+0000] {dag.py:2907} INFO - Sync 1 DAGs
[2025-10-10T16:01:17.087+0000] {logging_mixin.py:151} INFO - [2025-10-10T16:01:17.087+0000] {dag.py:3677} INFO - Setting next_dagrun for bitcoin_price_dag to 2025-10-10T15:00:00+00:00, run_after=2025-10-10T16:00:00+00:00
[2025-10-10T16:01:17.095+0000] {processor.py:179} INFO - Processing /opt/airflow/dags/bitcoin_price_dag.py took 0.049 seconds
[2025-10-10T16:01:47.378+0000] {processor.py:157} INFO - Started process (PID=552) to work on /opt/airflow/dags/bitcoin_price_dag.py
[2025-10-10T16:01:47.379+0000] {processor.py:829} INFO - Processing file /opt/airflow/dags/bitcoin_price_dag.py for tasks to queue
[2025-10-10T16:01:47.380+0000] {logging_mixin.py:151} INFO - [2025-10-10T16:01:47.380+0000] {dagbag.py:539} INFO - Filling up the DagBag from /opt/airflow/dags/bitcoin_price_dag.py
[2025-10-10T16:01:47.390+0000] {processor.py:839} INFO - DAG(s) dict_keys(['bitcoin_price_dag']) retrieved from /opt/airflow/dags/bitcoin_price_dag.py
[2025-10-10T16:01:47.407+0000] {logging_mixin.py:151} INFO - [2025-10-10T16:01:47.407+0000] {dag.py:2907} INFO - Sync 1 DAGs
[2025-10-10T16:01:47.417+0000] {logging_mixin.py:151} INFO - [2025-10-10T16:01:47.416+0000] {dag.py:3677} INFO - Setting next_dagrun for bitcoin_price_dag to 2025-10-10T15:00:00+00:00, run_after=2025-10-10T16:00:00+00:00
[2025-10-10T16:01:47.424+0000] {processor.py:179} INFO - Processing /opt/airflow/dags/bitcoin_price_dag.py took 0.049 seconds
[2025-10-10T16:02:17.712+0000] {processor.py:157} INFO - Started process (PID=562) to work on /opt/airflow/dags/bitcoin_price_dag.py
[2025-10-10T16:02:17.712+0000] {processor.py:829} INFO - Processing file /opt/airflow/dags/bitcoin_price_dag.py for tasks to queue
[2025-10-10T16:02:17.713+0000] {logging_mixin.py:151} INFO - [2025-10-10T16:02:17.713+0000] {dagbag.py:539} INFO - Filling up the DagBag from /opt/airflow/dags/bitcoin_price_dag.py
[2025-10-10T16:02:17.725+0000] {processor.py:839} INFO - DAG(s) dict_keys(['bitcoin_price_dag']) retrieved from /opt/airflow/dags/bitcoin_price_dag.py
[2025-10-10T16:02:17.740+0000] {logging_mixin.py:151} INFO - [2025-10-10T16:02:17.740+0000] {dag.py:2907} INFO - Sync 1 DAGs
[2025-10-10T16:02:17.750+0000] {logging_mixin.py:151} INFO - [2025-10-10T16:02:17.750+0000] {dag.py:3677} INFO - Setting next_dagrun for bitcoin_price_dag to 2025-10-10T15:00:00+00:00, run_after=2025-10-10T16:00:00+00:00
[2025-10-10T16:02:17.757+0000] {processor.py:179} INFO - Processing /opt/airflow/dags/bitcoin_price_dag.py took 0.049 seconds
[2025-10-10T16:02:48.003+0000] {processor.py:157} INFO - Started process (PID=575) to work on /opt/airflow/dags/bitcoin_price_dag.py
[2025-10-10T16:02:48.004+0000] {processor.py:829} INFO - Processing file /opt/airflow/dags/bitcoin_price_dag.py for tasks to queue
[2025-10-10T16:02:48.005+0000] {logging_mixin.py:151} INFO - [2025-10-10T16:02:48.005+0000] {dagbag.py:539} INFO - Filling up the DagBag from /opt/airflow/dags/bitcoin_price_dag.py
[2025-10-10T16:02:48.014+0000] {processor.py:839} INFO - DAG(s) dict_keys(['bitcoin_price_dag']) retrieved from /opt/airflow/dags/bitcoin_price_dag.py
[2025-10-10T16:02:48.030+0000] {logging_mixin.py:151} INFO - [2025-10-10T16:02:48.030+0000] {dag.py:2907} INFO - Sync 1 DAGs
[2025-10-10T16:02:48.041+0000] {logging_mixin.py:151} INFO - [2025-10-10T16:02:48.041+0000] {dag.py:3677} INFO - Setting next_dagrun for bitcoin_price_dag to 2025-10-10T15:00:00+00:00, run_after=2025-10-10T16:00:00+00:00
[2025-10-10T16:02:48.049+0000] {processor.py:179} INFO - Processing /opt/airflow/dags/bitcoin_price_dag.py took 0.049 seconds
[2025-10-10T16:03:18.277+0000] {processor.py:157} INFO - Started process (PID=585) to work on /opt/airflow/dags/bitcoin_price_dag.py
[2025-10-10T16:03:18.278+0000] {processor.py:829} INFO - Processing file /opt/airflow/dags/bitcoin_price_dag.py for tasks to queue
[2025-10-10T16:03:18.278+0000] {logging_mixin.py:151} INFO - [2025-10-10T16:03:18.278+0000] {dagbag.py:539} INFO - Filling up the DagBag from /opt/airflow/dags/bitcoin_price_dag.py
[2025-10-10T16:03:18.285+0000] {processor.py:839} INFO - DAG(s) dict_keys(['bitcoin_price_dag']) retrieved from /opt/airflow/dags/bitcoin_price_dag.py
[2025-10-10T16:03:18.300+0000] {logging_mixin.py:151} INFO - [2025-10-10T16:03:18.300+0000] {dag.py:2907} INFO - Sync 1 DAGs
[2025-10-10T16:03:18.310+0000] {logging_mixin.py:151} INFO - [2025-10-10T16:03:18.310+0000] {dag.py:3677} INFO - Setting next_dagrun for bitcoin_price_dag to 2025-10-10T15:00:00+00:00, run_after=2025-10-10T16:00:00+00:00
[2025-10-10T16:03:18.316+0000] {processor.py:179} INFO - Processing /opt/airflow/dags/bitcoin_price_dag.py took 0.040 seconds
[2025-10-10T16:03:48.533+0000] {processor.py:157} INFO - Started process (PID=595) to work on /opt/airflow/dags/bitcoin_price_dag.py
[2025-10-10T16:03:48.533+0000] {processor.py:829} INFO - Processing file /opt/airflow/dags/bitcoin_price_dag.py for tasks to queue
[2025-10-10T16:03:48.534+0000] {logging_mixin.py:151} INFO - [2025-10-10T16:03:48.534+0000] {dagbag.py:539} INFO - Filling up the DagBag from /opt/airflow/dags/bitcoin_price_dag.py
[2025-10-10T16:03:48.541+0000] {processor.py:839} INFO - DAG(s) dict_keys(['bitcoin_price_dag']) retrieved from /opt/airflow/dags/bitcoin_price_dag.py
[2025-10-10T16:03:48.558+0000] {logging_mixin.py:151} INFO - [2025-10-10T16:03:48.558+0000] {dag.py:2907} INFO - Sync 1 DAGs
[2025-10-10T16:03:48.568+0000] {logging_mixin.py:151} INFO - [2025-10-10T16:03:48.568+0000] {dag.py:3677} INFO - Setting next_dagrun for bitcoin_price_dag to 2025-10-10T15:00:00+00:00, run_after=2025-10-10T16:00:00+00:00
[2025-10-10T16:03:48.576+0000] {processor.py:179} INFO - Processing /opt/airflow/dags/bitcoin_price_dag.py took 0.046 seconds
[2025-10-10T16:04:18.800+0000] {processor.py:157} INFO - Started process (PID=605) to work on /opt/airflow/dags/bitcoin_price_dag.py
[2025-10-10T16:04:18.801+0000] {processor.py:829} INFO - Processing file /opt/airflow/dags/bitcoin_price_dag.py for tasks to queue
[2025-10-10T16:04:18.801+0000] {logging_mixin.py:151} INFO - [2025-10-10T16:04:18.801+0000] {dagbag.py:539} INFO - Filling up the DagBag from /opt/airflow/dags/bitcoin_price_dag.py
[2025-10-10T16:04:18.807+0000] {processor.py:839} INFO - DAG(s) dict_keys(['bitcoin_price_dag']) retrieved from /opt/airflow/dags/bitcoin_price_dag.py
[2025-10-10T16:04:18.823+0000] {logging_mixin.py:151} INFO - [2025-10-10T16:04:18.822+0000] {dag.py:2907} INFO - Sync 1 DAGs
[2025-10-10T16:04:18.834+0000] {logging_mixin.py:151} INFO - [2025-10-10T16:04:18.834+0000] {dag.py:3677} INFO - Setting next_dagrun for bitcoin_price_dag to 2025-10-10T15:00:00+00:00, run_after=2025-10-10T16:00:00+00:00
[2025-10-10T16:04:18.843+0000] {processor.py:179} INFO - Processing /opt/airflow/dags/bitcoin_price_dag.py took 0.045 seconds
[2025-10-10T16:04:49.063+0000] {processor.py:157} INFO - Started process (PID=610) to work on /opt/airflow/dags/bitcoin_price_dag.py
[2025-10-10T16:04:49.064+0000] {processor.py:829} INFO - Processing file /opt/airflow/dags/bitcoin_price_dag.py for tasks to queue
[2025-10-10T16:04:49.065+0000] {logging_mixin.py:151} INFO - [2025-10-10T16:04:49.065+0000] {dagbag.py:539} INFO - Filling up the DagBag from /opt/airflow/dags/bitcoin_price_dag.py
[2025-10-10T16:04:49.075+0000] {processor.py:839} INFO - DAG(s) dict_keys(['bitcoin_price_dag']) retrieved from /opt/airflow/dags/bitcoin_price_dag.py
[2025-10-10T16:04:49.092+0000] {logging_mixin.py:151} INFO - [2025-10-10T16:04:49.092+0000] {dag.py:2907} INFO - Sync 1 DAGs
[2025-10-10T16:04:49.104+0000] {logging_mixin.py:151} INFO - [2025-10-10T16:04:49.104+0000] {dag.py:3677} INFO - Setting next_dagrun for bitcoin_price_dag to 2025-10-10T15:00:00+00:00, run_after=2025-10-10T16:00:00+00:00
[2025-10-10T16:04:49.111+0000] {processor.py:179} INFO - Processing /opt/airflow/dags/bitcoin_price_dag.py took 0.051 seconds
[2025-10-10T16:05:19.322+0000] {processor.py:157} INFO - Started process (PID=615) to work on /opt/airflow/dags/bitcoin_price_dag.py
[2025-10-10T16:05:19.323+0000] {processor.py:829} INFO - Processing file /opt/airflow/dags/bitcoin_price_dag.py for tasks to queue
[2025-10-10T16:05:19.324+0000] {logging_mixin.py:151} INFO - [2025-10-10T16:05:19.323+0000] {dagbag.py:539} INFO - Filling up the DagBag from /opt/airflow/dags/bitcoin_price_dag.py
[2025-10-10T16:05:19.333+0000] {processor.py:839} INFO - DAG(s) dict_keys(['bitcoin_price_dag']) retrieved from /opt/airflow/dags/bitcoin_price_dag.py
[2025-10-10T16:05:19.349+0000] {logging_mixin.py:151} INFO - [2025-10-10T16:05:19.349+0000] {dag.py:2907} INFO - Sync 1 DAGs
[2025-10-10T16:05:19.361+0000] {logging_mixin.py:151} INFO - [2025-10-10T16:05:19.361+0000] {dag.py:3677} INFO - Setting next_dagrun for bitcoin_price_dag to 2025-10-10T15:00:00+00:00, run_after=2025-10-10T16:00:00+00:00
[2025-10-10T16:05:19.369+0000] {processor.py:179} INFO - Processing /opt/airflow/dags/bitcoin_price_dag.py took 0.050 seconds
