[2025-10-10T15:48:05.083+0000] {processor.py:157} INFO - Started process (PID=271) to work on /opt/airflow/dags/dag_01_hello_world.py
[2025-10-10T15:48:05.084+0000] {processor.py:829} INFO - Processing file /opt/airflow/dags/dag_01_hello_world.py for tasks to queue
[2025-10-10T15:48:05.084+0000] {logging_mixin.py:151} INFO - [2025-10-10T15:48:05.084+0000] {dagbag.py:539} INFO - Filling up the DagBag from /opt/airflow/dags/dag_01_hello_world.py
[2025-10-10T15:48:05.092+0000] {processor.py:839} INFO - DAG(s) dict_keys(['dag_01_hello_world']) retrieved from /opt/airflow/dags/dag_01_hello_world.py
[2025-10-10T15:48:05.134+0000] {logging_mixin.py:151} INFO - [2025-10-10T15:48:05.134+0000] {manager.py:501} INFO - Created Permission View: can edit on DAG:dag_01_hello_world
[2025-10-10T15:48:05.137+0000] {logging_mixin.py:151} INFO - [2025-10-10T15:48:05.137+0000] {manager.py:501} INFO - Created Permission View: can read on DAG:dag_01_hello_world
[2025-10-10T15:48:05.139+0000] {logging_mixin.py:151} INFO - [2025-10-10T15:48:05.139+0000] {manager.py:501} INFO - Created Permission View: can delete on DAG:dag_01_hello_world
[2025-10-10T15:48:05.143+0000] {logging_mixin.py:151} INFO - [2025-10-10T15:48:05.143+0000] {dag.py:2907} INFO - Sync 1 DAGs
[2025-10-10T15:48:05.146+0000] {logging_mixin.py:151} INFO - [2025-10-10T15:48:05.146+0000] {dag.py:2929} INFO - Creating ORM DAG for dag_01_hello_world
[2025-10-10T15:48:05.147+0000] {logging_mixin.py:151} INFO - [2025-10-10T15:48:05.147+0000] {dag.py:3677} INFO - Setting next_dagrun for dag_01_hello_world to None, run_after=None
[2025-10-10T15:48:05.153+0000] {processor.py:179} INFO - Processing /opt/airflow/dags/dag_01_hello_world.py took 0.072 seconds
[2025-10-10T15:48:35.329+0000] {processor.py:157} INFO - Started process (PID=281) to work on /opt/airflow/dags/dag_01_hello_world.py
[2025-10-10T15:48:35.330+0000] {processor.py:829} INFO - Processing file /opt/airflow/dags/dag_01_hello_world.py for tasks to queue
[2025-10-10T15:48:35.330+0000] {logging_mixin.py:151} INFO - [2025-10-10T15:48:35.330+0000] {dagbag.py:539} INFO - Filling up the DagBag from /opt/airflow/dags/dag_01_hello_world.py
[2025-10-10T15:48:35.337+0000] {processor.py:839} INFO - DAG(s) dict_keys(['dag_01_hello_world']) retrieved from /opt/airflow/dags/dag_01_hello_world.py
[2025-10-10T15:48:35.354+0000] {logging_mixin.py:151} INFO - [2025-10-10T15:48:35.354+0000] {dag.py:2907} INFO - Sync 1 DAGs
[2025-10-10T15:48:35.360+0000] {logging_mixin.py:151} INFO - [2025-10-10T15:48:35.359+0000] {dag.py:3677} INFO - Setting next_dagrun for dag_01_hello_world to None, run_after=None
[2025-10-10T15:48:35.367+0000] {processor.py:179} INFO - Processing /opt/airflow/dags/dag_01_hello_world.py took 0.041 seconds
[2025-10-10T15:49:05.589+0000] {processor.py:157} INFO - Started process (PID=291) to work on /opt/airflow/dags/dag_01_hello_world.py
[2025-10-10T15:49:05.590+0000] {processor.py:829} INFO - Processing file /opt/airflow/dags/dag_01_hello_world.py for tasks to queue
[2025-10-10T15:49:05.591+0000] {logging_mixin.py:151} INFO - [2025-10-10T15:49:05.591+0000] {dagbag.py:539} INFO - Filling up the DagBag from /opt/airflow/dags/dag_01_hello_world.py
[2025-10-10T15:49:05.598+0000] {processor.py:839} INFO - DAG(s) dict_keys(['dag_01_hello_world']) retrieved from /opt/airflow/dags/dag_01_hello_world.py
[2025-10-10T15:49:05.616+0000] {logging_mixin.py:151} INFO - [2025-10-10T15:49:05.616+0000] {dag.py:2907} INFO - Sync 1 DAGs
[2025-10-10T15:49:05.621+0000] {logging_mixin.py:151} INFO - [2025-10-10T15:49:05.621+0000] {dag.py:3677} INFO - Setting next_dagrun for dag_01_hello_world to None, run_after=None
[2025-10-10T15:49:05.629+0000] {processor.py:179} INFO - Processing /opt/airflow/dags/dag_01_hello_world.py took 0.042 seconds
[2025-10-10T15:49:35.856+0000] {processor.py:157} INFO - Started process (PID=301) to work on /opt/airflow/dags/dag_01_hello_world.py
[2025-10-10T15:49:35.856+0000] {processor.py:829} INFO - Processing file /opt/airflow/dags/dag_01_hello_world.py for tasks to queue
[2025-10-10T15:49:35.857+0000] {logging_mixin.py:151} INFO - [2025-10-10T15:49:35.857+0000] {dagbag.py:539} INFO - Filling up the DagBag from /opt/airflow/dags/dag_01_hello_world.py
[2025-10-10T15:49:35.863+0000] {processor.py:839} INFO - DAG(s) dict_keys(['dag_01_hello_world']) retrieved from /opt/airflow/dags/dag_01_hello_world.py
[2025-10-10T15:49:35.879+0000] {logging_mixin.py:151} INFO - [2025-10-10T15:49:35.878+0000] {dag.py:2907} INFO - Sync 1 DAGs
[2025-10-10T15:49:35.884+0000] {logging_mixin.py:151} INFO - [2025-10-10T15:49:35.884+0000] {dag.py:3677} INFO - Setting next_dagrun for dag_01_hello_world to None, run_after=None
[2025-10-10T15:49:35.891+0000] {processor.py:179} INFO - Processing /opt/airflow/dags/dag_01_hello_world.py took 0.038 seconds
[2025-10-10T15:50:06.145+0000] {processor.py:157} INFO - Started process (PID=311) to work on /opt/airflow/dags/dag_01_hello_world.py
[2025-10-10T15:50:06.146+0000] {processor.py:829} INFO - Processing file /opt/airflow/dags/dag_01_hello_world.py for tasks to queue
[2025-10-10T15:50:06.146+0000] {logging_mixin.py:151} INFO - [2025-10-10T15:50:06.146+0000] {dagbag.py:539} INFO - Filling up the DagBag from /opt/airflow/dags/dag_01_hello_world.py
[2025-10-10T15:50:06.154+0000] {processor.py:839} INFO - DAG(s) dict_keys(['dag_01_hello_world']) retrieved from /opt/airflow/dags/dag_01_hello_world.py
[2025-10-10T15:50:06.172+0000] {logging_mixin.py:151} INFO - [2025-10-10T15:50:06.172+0000] {dag.py:2907} INFO - Sync 1 DAGs
[2025-10-10T15:50:06.178+0000] {logging_mixin.py:151} INFO - [2025-10-10T15:50:06.177+0000] {dag.py:3677} INFO - Setting next_dagrun for dag_01_hello_world to None, run_after=None
[2025-10-10T15:50:06.185+0000] {processor.py:179} INFO - Processing /opt/airflow/dags/dag_01_hello_world.py took 0.043 seconds
[2025-10-10T15:50:36.439+0000] {processor.py:157} INFO - Started process (PID=321) to work on /opt/airflow/dags/dag_01_hello_world.py
[2025-10-10T15:50:36.440+0000] {processor.py:829} INFO - Processing file /opt/airflow/dags/dag_01_hello_world.py for tasks to queue
[2025-10-10T15:50:36.441+0000] {logging_mixin.py:151} INFO - [2025-10-10T15:50:36.441+0000] {dagbag.py:539} INFO - Filling up the DagBag from /opt/airflow/dags/dag_01_hello_world.py
[2025-10-10T15:50:36.449+0000] {processor.py:839} INFO - DAG(s) dict_keys(['dag_01_hello_world']) retrieved from /opt/airflow/dags/dag_01_hello_world.py
[2025-10-10T15:50:36.467+0000] {logging_mixin.py:151} INFO - [2025-10-10T15:50:36.467+0000] {dag.py:2907} INFO - Sync 1 DAGs
[2025-10-10T15:50:36.473+0000] {logging_mixin.py:151} INFO - [2025-10-10T15:50:36.473+0000] {dag.py:3677} INFO - Setting next_dagrun for dag_01_hello_world to None, run_after=None
[2025-10-10T15:50:36.481+0000] {processor.py:179} INFO - Processing /opt/airflow/dags/dag_01_hello_world.py took 0.044 seconds
[2025-10-10T15:51:06.757+0000] {processor.py:157} INFO - Started process (PID=331) to work on /opt/airflow/dags/dag_01_hello_world.py
[2025-10-10T15:51:06.758+0000] {processor.py:829} INFO - Processing file /opt/airflow/dags/dag_01_hello_world.py for tasks to queue
[2025-10-10T15:51:06.758+0000] {logging_mixin.py:151} INFO - [2025-10-10T15:51:06.758+0000] {dagbag.py:539} INFO - Filling up the DagBag from /opt/airflow/dags/dag_01_hello_world.py
[2025-10-10T15:51:06.766+0000] {processor.py:839} INFO - DAG(s) dict_keys(['dag_01_hello_world']) retrieved from /opt/airflow/dags/dag_01_hello_world.py
[2025-10-10T15:51:06.785+0000] {logging_mixin.py:151} INFO - [2025-10-10T15:51:06.785+0000] {dag.py:2907} INFO - Sync 1 DAGs
[2025-10-10T15:51:06.791+0000] {logging_mixin.py:151} INFO - [2025-10-10T15:51:06.791+0000] {dag.py:3677} INFO - Setting next_dagrun for dag_01_hello_world to None, run_after=None
[2025-10-10T15:51:06.798+0000] {processor.py:179} INFO - Processing /opt/airflow/dags/dag_01_hello_world.py took 0.044 seconds
[2025-10-10T15:51:37.099+0000] {processor.py:157} INFO - Started process (PID=341) to work on /opt/airflow/dags/dag_01_hello_world.py
[2025-10-10T15:51:37.099+0000] {processor.py:829} INFO - Processing file /opt/airflow/dags/dag_01_hello_world.py for tasks to queue
[2025-10-10T15:51:37.100+0000] {logging_mixin.py:151} INFO - [2025-10-10T15:51:37.100+0000] {dagbag.py:539} INFO - Filling up the DagBag from /opt/airflow/dags/dag_01_hello_world.py
[2025-10-10T15:51:37.107+0000] {processor.py:839} INFO - DAG(s) dict_keys(['dag_01_hello_world']) retrieved from /opt/airflow/dags/dag_01_hello_world.py
[2025-10-10T15:51:37.124+0000] {logging_mixin.py:151} INFO - [2025-10-10T15:51:37.124+0000] {dag.py:2907} INFO - Sync 1 DAGs
[2025-10-10T15:51:37.130+0000] {logging_mixin.py:151} INFO - [2025-10-10T15:51:37.130+0000] {dag.py:3677} INFO - Setting next_dagrun for dag_01_hello_world to None, run_after=None
[2025-10-10T15:51:37.137+0000] {processor.py:179} INFO - Processing /opt/airflow/dags/dag_01_hello_world.py took 0.043 seconds
[2025-10-10T15:52:07.397+0000] {processor.py:157} INFO - Started process (PID=351) to work on /opt/airflow/dags/dag_01_hello_world.py
[2025-10-10T15:52:07.398+0000] {processor.py:829} INFO - Processing file /opt/airflow/dags/dag_01_hello_world.py for tasks to queue
[2025-10-10T15:52:07.399+0000] {logging_mixin.py:151} INFO - [2025-10-10T15:52:07.398+0000] {dagbag.py:539} INFO - Filling up the DagBag from /opt/airflow/dags/dag_01_hello_world.py
[2025-10-10T15:52:07.407+0000] {processor.py:839} INFO - DAG(s) dict_keys(['dag_01_hello_world']) retrieved from /opt/airflow/dags/dag_01_hello_world.py
[2025-10-10T15:52:07.425+0000] {logging_mixin.py:151} INFO - [2025-10-10T15:52:07.424+0000] {dag.py:2907} INFO - Sync 1 DAGs
[2025-10-10T15:52:07.430+0000] {logging_mixin.py:151} INFO - [2025-10-10T15:52:07.430+0000] {dag.py:3677} INFO - Setting next_dagrun for dag_01_hello_world to None, run_after=None
[2025-10-10T15:52:07.438+0000] {processor.py:179} INFO - Processing /opt/airflow/dags/dag_01_hello_world.py took 0.043 seconds
[2025-10-10T15:52:37.719+0000] {processor.py:157} INFO - Started process (PID=361) to work on /opt/airflow/dags/dag_01_hello_world.py
[2025-10-10T15:52:37.719+0000] {processor.py:829} INFO - Processing file /opt/airflow/dags/dag_01_hello_world.py for tasks to queue
[2025-10-10T15:52:37.720+0000] {logging_mixin.py:151} INFO - [2025-10-10T15:52:37.720+0000] {dagbag.py:539} INFO - Filling up the DagBag from /opt/airflow/dags/dag_01_hello_world.py
[2025-10-10T15:52:37.727+0000] {processor.py:839} INFO - DAG(s) dict_keys(['dag_01_hello_world']) retrieved from /opt/airflow/dags/dag_01_hello_world.py
[2025-10-10T15:52:37.744+0000] {logging_mixin.py:151} INFO - [2025-10-10T15:52:37.744+0000] {dag.py:2907} INFO - Sync 1 DAGs
[2025-10-10T15:52:37.750+0000] {logging_mixin.py:151} INFO - [2025-10-10T15:52:37.750+0000] {dag.py:3677} INFO - Setting next_dagrun for dag_01_hello_world to None, run_after=None
[2025-10-10T15:52:37.758+0000] {processor.py:179} INFO - Processing /opt/airflow/dags/dag_01_hello_world.py took 0.042 seconds
[2025-10-10T15:53:08.068+0000] {processor.py:157} INFO - Started process (PID=371) to work on /opt/airflow/dags/dag_01_hello_world.py
[2025-10-10T15:53:08.068+0000] {processor.py:829} INFO - Processing file /opt/airflow/dags/dag_01_hello_world.py for tasks to queue
[2025-10-10T15:53:08.069+0000] {logging_mixin.py:151} INFO - [2025-10-10T15:53:08.069+0000] {dagbag.py:539} INFO - Filling up the DagBag from /opt/airflow/dags/dag_01_hello_world.py
[2025-10-10T15:53:08.075+0000] {processor.py:839} INFO - DAG(s) dict_keys(['dag_01_hello_world']) retrieved from /opt/airflow/dags/dag_01_hello_world.py
[2025-10-10T15:53:08.091+0000] {logging_mixin.py:151} INFO - [2025-10-10T15:53:08.091+0000] {dag.py:2907} INFO - Sync 1 DAGs
[2025-10-10T15:53:08.096+0000] {logging_mixin.py:151} INFO - [2025-10-10T15:53:08.096+0000] {dag.py:3677} INFO - Setting next_dagrun for dag_01_hello_world to None, run_after=None
[2025-10-10T15:53:08.104+0000] {processor.py:179} INFO - Processing /opt/airflow/dags/dag_01_hello_world.py took 0.038 seconds
[2025-10-10T15:53:38.392+0000] {processor.py:157} INFO - Started process (PID=381) to work on /opt/airflow/dags/dag_01_hello_world.py
[2025-10-10T15:53:38.393+0000] {processor.py:829} INFO - Processing file /opt/airflow/dags/dag_01_hello_world.py for tasks to queue
[2025-10-10T15:53:38.393+0000] {logging_mixin.py:151} INFO - [2025-10-10T15:53:38.393+0000] {dagbag.py:539} INFO - Filling up the DagBag from /opt/airflow/dags/dag_01_hello_world.py
[2025-10-10T15:53:38.401+0000] {processor.py:839} INFO - DAG(s) dict_keys(['dag_01_hello_world']) retrieved from /opt/airflow/dags/dag_01_hello_world.py
[2025-10-10T15:53:38.418+0000] {logging_mixin.py:151} INFO - [2025-10-10T15:53:38.418+0000] {dag.py:2907} INFO - Sync 1 DAGs
[2025-10-10T15:53:38.424+0000] {logging_mixin.py:151} INFO - [2025-10-10T15:53:38.424+0000] {dag.py:3677} INFO - Setting next_dagrun for dag_01_hello_world to None, run_after=None
[2025-10-10T15:53:38.431+0000] {processor.py:179} INFO - Processing /opt/airflow/dags/dag_01_hello_world.py took 0.042 seconds
[2025-10-10T15:54:08.706+0000] {processor.py:157} INFO - Started process (PID=391) to work on /opt/airflow/dags/dag_01_hello_world.py
[2025-10-10T15:54:08.707+0000] {processor.py:829} INFO - Processing file /opt/airflow/dags/dag_01_hello_world.py for tasks to queue
[2025-10-10T15:54:08.708+0000] {logging_mixin.py:151} INFO - [2025-10-10T15:54:08.707+0000] {dagbag.py:539} INFO - Filling up the DagBag from /opt/airflow/dags/dag_01_hello_world.py
[2025-10-10T15:54:08.715+0000] {processor.py:839} INFO - DAG(s) dict_keys(['dag_01_hello_world']) retrieved from /opt/airflow/dags/dag_01_hello_world.py
[2025-10-10T15:54:08.733+0000] {logging_mixin.py:151} INFO - [2025-10-10T15:54:08.733+0000] {dag.py:2907} INFO - Sync 1 DAGs
[2025-10-10T15:54:08.739+0000] {logging_mixin.py:151} INFO - [2025-10-10T15:54:08.739+0000] {dag.py:3677} INFO - Setting next_dagrun for dag_01_hello_world to None, run_after=None
[2025-10-10T15:54:08.746+0000] {processor.py:179} INFO - Processing /opt/airflow/dags/dag_01_hello_world.py took 0.043 seconds
[2025-10-10T15:54:39.005+0000] {processor.py:157} INFO - Started process (PID=404) to work on /opt/airflow/dags/dag_01_hello_world.py
[2025-10-10T15:54:39.006+0000] {processor.py:829} INFO - Processing file /opt/airflow/dags/dag_01_hello_world.py for tasks to queue
[2025-10-10T15:54:39.007+0000] {logging_mixin.py:151} INFO - [2025-10-10T15:54:39.007+0000] {dagbag.py:539} INFO - Filling up the DagBag from /opt/airflow/dags/dag_01_hello_world.py
[2025-10-10T15:54:39.015+0000] {processor.py:839} INFO - DAG(s) dict_keys(['dag_01_hello_world']) retrieved from /opt/airflow/dags/dag_01_hello_world.py
[2025-10-10T15:54:39.033+0000] {logging_mixin.py:151} INFO - [2025-10-10T15:54:39.033+0000] {dag.py:2907} INFO - Sync 1 DAGs
[2025-10-10T15:54:39.038+0000] {logging_mixin.py:151} INFO - [2025-10-10T15:54:39.038+0000] {dag.py:3677} INFO - Setting next_dagrun for dag_01_hello_world to None, run_after=None
[2025-10-10T15:54:39.046+0000] {processor.py:179} INFO - Processing /opt/airflow/dags/dag_01_hello_world.py took 0.043 seconds
[2025-10-10T15:55:09.327+0000] {processor.py:157} INFO - Started process (PID=414) to work on /opt/airflow/dags/dag_01_hello_world.py
[2025-10-10T15:55:09.328+0000] {processor.py:829} INFO - Processing file /opt/airflow/dags/dag_01_hello_world.py for tasks to queue
[2025-10-10T15:55:09.328+0000] {logging_mixin.py:151} INFO - [2025-10-10T15:55:09.328+0000] {dagbag.py:539} INFO - Filling up the DagBag from /opt/airflow/dags/dag_01_hello_world.py
[2025-10-10T15:55:09.337+0000] {processor.py:839} INFO - DAG(s) dict_keys(['dag_01_hello_world']) retrieved from /opt/airflow/dags/dag_01_hello_world.py
[2025-10-10T15:55:09.355+0000] {logging_mixin.py:151} INFO - [2025-10-10T15:55:09.355+0000] {dag.py:2907} INFO - Sync 1 DAGs
[2025-10-10T15:55:09.361+0000] {logging_mixin.py:151} INFO - [2025-10-10T15:55:09.361+0000] {dag.py:3677} INFO - Setting next_dagrun for dag_01_hello_world to None, run_after=None
[2025-10-10T15:55:09.369+0000] {processor.py:179} INFO - Processing /opt/airflow/dags/dag_01_hello_world.py took 0.044 seconds
[2025-10-10T15:55:39.625+0000] {processor.py:157} INFO - Started process (PID=424) to work on /opt/airflow/dags/dag_01_hello_world.py
[2025-10-10T15:55:39.626+0000] {processor.py:829} INFO - Processing file /opt/airflow/dags/dag_01_hello_world.py for tasks to queue
[2025-10-10T15:55:39.627+0000] {logging_mixin.py:151} INFO - [2025-10-10T15:55:39.627+0000] {dagbag.py:539} INFO - Filling up the DagBag from /opt/airflow/dags/dag_01_hello_world.py
[2025-10-10T15:55:39.634+0000] {processor.py:839} INFO - DAG(s) dict_keys(['dag_01_hello_world']) retrieved from /opt/airflow/dags/dag_01_hello_world.py
[2025-10-10T15:55:39.650+0000] {logging_mixin.py:151} INFO - [2025-10-10T15:55:39.650+0000] {dag.py:2907} INFO - Sync 1 DAGs
[2025-10-10T15:55:39.657+0000] {logging_mixin.py:151} INFO - [2025-10-10T15:55:39.657+0000] {dag.py:3677} INFO - Setting next_dagrun for dag_01_hello_world to None, run_after=None
[2025-10-10T15:55:39.666+0000] {processor.py:179} INFO - Processing /opt/airflow/dags/dag_01_hello_world.py took 0.043 seconds
[2025-10-10T15:56:09.900+0000] {processor.py:157} INFO - Started process (PID=434) to work on /opt/airflow/dags/dag_01_hello_world.py
[2025-10-10T15:56:09.901+0000] {processor.py:829} INFO - Processing file /opt/airflow/dags/dag_01_hello_world.py for tasks to queue
[2025-10-10T15:56:09.901+0000] {logging_mixin.py:151} INFO - [2025-10-10T15:56:09.901+0000] {dagbag.py:539} INFO - Filling up the DagBag from /opt/airflow/dags/dag_01_hello_world.py
[2025-10-10T15:56:09.906+0000] {processor.py:839} INFO - DAG(s) dict_keys(['dag_01_hello_world']) retrieved from /opt/airflow/dags/dag_01_hello_world.py
[2025-10-10T15:56:09.920+0000] {logging_mixin.py:151} INFO - [2025-10-10T15:56:09.919+0000] {dag.py:2907} INFO - Sync 1 DAGs
[2025-10-10T15:56:09.924+0000] {logging_mixin.py:151} INFO - [2025-10-10T15:56:09.924+0000] {dag.py:3677} INFO - Setting next_dagrun for dag_01_hello_world to None, run_after=None
[2025-10-10T15:56:09.932+0000] {processor.py:179} INFO - Processing /opt/airflow/dags/dag_01_hello_world.py took 0.033 seconds
[2025-10-10T15:56:40.183+0000] {processor.py:157} INFO - Started process (PID=444) to work on /opt/airflow/dags/dag_01_hello_world.py
[2025-10-10T15:56:40.183+0000] {processor.py:829} INFO - Processing file /opt/airflow/dags/dag_01_hello_world.py for tasks to queue
[2025-10-10T15:56:40.184+0000] {logging_mixin.py:151} INFO - [2025-10-10T15:56:40.184+0000] {dagbag.py:539} INFO - Filling up the DagBag from /opt/airflow/dags/dag_01_hello_world.py
[2025-10-10T15:56:40.193+0000] {processor.py:839} INFO - DAG(s) dict_keys(['dag_01_hello_world']) retrieved from /opt/airflow/dags/dag_01_hello_world.py
[2025-10-10T15:56:40.210+0000] {logging_mixin.py:151} INFO - [2025-10-10T15:56:40.210+0000] {dag.py:2907} INFO - Sync 1 DAGs
[2025-10-10T15:56:40.216+0000] {logging_mixin.py:151} INFO - [2025-10-10T15:56:40.216+0000] {dag.py:3677} INFO - Setting next_dagrun for dag_01_hello_world to None, run_after=None
[2025-10-10T15:56:40.223+0000] {processor.py:179} INFO - Processing /opt/airflow/dags/dag_01_hello_world.py took 0.043 seconds
[2025-10-10T15:57:10.465+0000] {processor.py:157} INFO - Started process (PID=454) to work on /opt/airflow/dags/dag_01_hello_world.py
[2025-10-10T15:57:10.466+0000] {processor.py:829} INFO - Processing file /opt/airflow/dags/dag_01_hello_world.py for tasks to queue
[2025-10-10T15:57:10.467+0000] {logging_mixin.py:151} INFO - [2025-10-10T15:57:10.467+0000] {dagbag.py:539} INFO - Filling up the DagBag from /opt/airflow/dags/dag_01_hello_world.py
[2025-10-10T15:57:10.474+0000] {processor.py:839} INFO - DAG(s) dict_keys(['dag_01_hello_world']) retrieved from /opt/airflow/dags/dag_01_hello_world.py
[2025-10-10T15:57:10.491+0000] {logging_mixin.py:151} INFO - [2025-10-10T15:57:10.491+0000] {dag.py:2907} INFO - Sync 1 DAGs
[2025-10-10T15:57:10.496+0000] {logging_mixin.py:151} INFO - [2025-10-10T15:57:10.496+0000] {dag.py:3677} INFO - Setting next_dagrun for dag_01_hello_world to None, run_after=None
[2025-10-10T15:57:10.503+0000] {processor.py:179} INFO - Processing /opt/airflow/dags/dag_01_hello_world.py took 0.041 seconds
[2025-10-10T15:57:40.771+0000] {processor.py:157} INFO - Started process (PID=464) to work on /opt/airflow/dags/dag_01_hello_world.py
[2025-10-10T15:57:40.772+0000] {processor.py:829} INFO - Processing file /opt/airflow/dags/dag_01_hello_world.py for tasks to queue
[2025-10-10T15:57:40.772+0000] {logging_mixin.py:151} INFO - [2025-10-10T15:57:40.772+0000] {dagbag.py:539} INFO - Filling up the DagBag from /opt/airflow/dags/dag_01_hello_world.py
[2025-10-10T15:57:40.780+0000] {processor.py:839} INFO - DAG(s) dict_keys(['dag_01_hello_world']) retrieved from /opt/airflow/dags/dag_01_hello_world.py
[2025-10-10T15:57:40.799+0000] {logging_mixin.py:151} INFO - [2025-10-10T15:57:40.799+0000] {dag.py:2907} INFO - Sync 1 DAGs
[2025-10-10T15:57:40.805+0000] {logging_mixin.py:151} INFO - [2025-10-10T15:57:40.805+0000] {dag.py:3677} INFO - Setting next_dagrun for dag_01_hello_world to None, run_after=None
[2025-10-10T15:57:40.812+0000] {processor.py:179} INFO - Processing /opt/airflow/dags/dag_01_hello_world.py took 0.044 seconds
[2025-10-10T15:58:11.107+0000] {processor.py:157} INFO - Started process (PID=474) to work on /opt/airflow/dags/dag_01_hello_world.py
[2025-10-10T15:58:11.108+0000] {processor.py:829} INFO - Processing file /opt/airflow/dags/dag_01_hello_world.py for tasks to queue
[2025-10-10T15:58:11.108+0000] {logging_mixin.py:151} INFO - [2025-10-10T15:58:11.108+0000] {dagbag.py:539} INFO - Filling up the DagBag from /opt/airflow/dags/dag_01_hello_world.py
[2025-10-10T15:58:11.117+0000] {processor.py:839} INFO - DAG(s) dict_keys(['dag_01_hello_world']) retrieved from /opt/airflow/dags/dag_01_hello_world.py
[2025-10-10T15:58:11.136+0000] {logging_mixin.py:151} INFO - [2025-10-10T15:58:11.135+0000] {dag.py:2907} INFO - Sync 1 DAGs
[2025-10-10T15:58:11.141+0000] {logging_mixin.py:151} INFO - [2025-10-10T15:58:11.141+0000] {dag.py:3677} INFO - Setting next_dagrun for dag_01_hello_world to None, run_after=None
[2025-10-10T15:58:11.148+0000] {processor.py:179} INFO - Processing /opt/airflow/dags/dag_01_hello_world.py took 0.043 seconds
[2025-10-10T15:58:41.442+0000] {processor.py:157} INFO - Started process (PID=484) to work on /opt/airflow/dags/dag_01_hello_world.py
[2025-10-10T15:58:41.443+0000] {processor.py:829} INFO - Processing file /opt/airflow/dags/dag_01_hello_world.py for tasks to queue
[2025-10-10T15:58:41.444+0000] {logging_mixin.py:151} INFO - [2025-10-10T15:58:41.444+0000] {dagbag.py:539} INFO - Filling up the DagBag from /opt/airflow/dags/dag_01_hello_world.py
[2025-10-10T15:58:41.452+0000] {processor.py:839} INFO - DAG(s) dict_keys(['dag_01_hello_world']) retrieved from /opt/airflow/dags/dag_01_hello_world.py
[2025-10-10T15:58:41.470+0000] {logging_mixin.py:151} INFO - [2025-10-10T15:58:41.470+0000] {dag.py:2907} INFO - Sync 1 DAGs
[2025-10-10T15:58:41.476+0000] {logging_mixin.py:151} INFO - [2025-10-10T15:58:41.475+0000] {dag.py:3677} INFO - Setting next_dagrun for dag_01_hello_world to None, run_after=None
[2025-10-10T15:58:41.483+0000] {processor.py:179} INFO - Processing /opt/airflow/dags/dag_01_hello_world.py took 0.043 seconds
[2025-10-10T15:59:11.735+0000] {processor.py:157} INFO - Started process (PID=494) to work on /opt/airflow/dags/dag_01_hello_world.py
[2025-10-10T15:59:11.736+0000] {processor.py:829} INFO - Processing file /opt/airflow/dags/dag_01_hello_world.py for tasks to queue
[2025-10-10T15:59:11.736+0000] {logging_mixin.py:151} INFO - [2025-10-10T15:59:11.736+0000] {dagbag.py:539} INFO - Filling up the DagBag from /opt/airflow/dags/dag_01_hello_world.py
[2025-10-10T15:59:11.744+0000] {processor.py:839} INFO - DAG(s) dict_keys(['dag_01_hello_world']) retrieved from /opt/airflow/dags/dag_01_hello_world.py
[2025-10-10T15:59:11.763+0000] {logging_mixin.py:151} INFO - [2025-10-10T15:59:11.763+0000] {dag.py:2907} INFO - Sync 1 DAGs
[2025-10-10T15:59:11.769+0000] {logging_mixin.py:151} INFO - [2025-10-10T15:59:11.769+0000] {dag.py:3677} INFO - Setting next_dagrun for dag_01_hello_world to None, run_after=None
[2025-10-10T15:59:11.777+0000] {processor.py:179} INFO - Processing /opt/airflow/dags/dag_01_hello_world.py took 0.044 seconds
[2025-10-10T15:59:42.053+0000] {processor.py:157} INFO - Started process (PID=504) to work on /opt/airflow/dags/dag_01_hello_world.py
[2025-10-10T15:59:42.054+0000] {processor.py:829} INFO - Processing file /opt/airflow/dags/dag_01_hello_world.py for tasks to queue
[2025-10-10T15:59:42.055+0000] {logging_mixin.py:151} INFO - [2025-10-10T15:59:42.054+0000] {dagbag.py:539} INFO - Filling up the DagBag from /opt/airflow/dags/dag_01_hello_world.py
[2025-10-10T15:59:42.062+0000] {processor.py:839} INFO - DAG(s) dict_keys(['dag_01_hello_world']) retrieved from /opt/airflow/dags/dag_01_hello_world.py
[2025-10-10T15:59:42.079+0000] {logging_mixin.py:151} INFO - [2025-10-10T15:59:42.079+0000] {dag.py:2907} INFO - Sync 1 DAGs
[2025-10-10T15:59:42.085+0000] {logging_mixin.py:151} INFO - [2025-10-10T15:59:42.085+0000] {dag.py:3677} INFO - Setting next_dagrun for dag_01_hello_world to None, run_after=None
[2025-10-10T15:59:42.093+0000] {processor.py:179} INFO - Processing /opt/airflow/dags/dag_01_hello_world.py took 0.043 seconds
[2025-10-10T16:00:12.430+0000] {processor.py:157} INFO - Started process (PID=514) to work on /opt/airflow/dags/dag_01_hello_world.py
[2025-10-10T16:00:12.430+0000] {processor.py:829} INFO - Processing file /opt/airflow/dags/dag_01_hello_world.py for tasks to queue
[2025-10-10T16:00:12.431+0000] {logging_mixin.py:151} INFO - [2025-10-10T16:00:12.431+0000] {dagbag.py:539} INFO - Filling up the DagBag from /opt/airflow/dags/dag_01_hello_world.py
[2025-10-10T16:00:12.439+0000] {processor.py:839} INFO - DAG(s) dict_keys(['dag_01_hello_world']) retrieved from /opt/airflow/dags/dag_01_hello_world.py
[2025-10-10T16:00:12.456+0000] {logging_mixin.py:151} INFO - [2025-10-10T16:00:12.456+0000] {dag.py:2907} INFO - Sync 1 DAGs
[2025-10-10T16:00:12.462+0000] {logging_mixin.py:151} INFO - [2025-10-10T16:00:12.462+0000] {dag.py:3677} INFO - Setting next_dagrun for dag_01_hello_world to None, run_after=None
[2025-10-10T16:00:12.469+0000] {processor.py:179} INFO - Processing /opt/airflow/dags/dag_01_hello_world.py took 0.042 seconds
[2025-10-10T16:00:42.728+0000] {processor.py:157} INFO - Started process (PID=524) to work on /opt/airflow/dags/dag_01_hello_world.py
[2025-10-10T16:00:42.728+0000] {processor.py:829} INFO - Processing file /opt/airflow/dags/dag_01_hello_world.py for tasks to queue
[2025-10-10T16:00:42.729+0000] {logging_mixin.py:151} INFO - [2025-10-10T16:00:42.729+0000] {dagbag.py:539} INFO - Filling up the DagBag from /opt/airflow/dags/dag_01_hello_world.py
[2025-10-10T16:00:42.736+0000] {processor.py:839} INFO - DAG(s) dict_keys(['dag_01_hello_world']) retrieved from /opt/airflow/dags/dag_01_hello_world.py
[2025-10-10T16:00:42.754+0000] {logging_mixin.py:151} INFO - [2025-10-10T16:00:42.753+0000] {dag.py:2907} INFO - Sync 1 DAGs
[2025-10-10T16:00:42.759+0000] {logging_mixin.py:151} INFO - [2025-10-10T16:00:42.759+0000] {dag.py:3677} INFO - Setting next_dagrun for dag_01_hello_world to None, run_after=None
[2025-10-10T16:00:42.767+0000] {processor.py:179} INFO - Processing /opt/airflow/dags/dag_01_hello_world.py took 0.042 seconds
[2025-10-10T16:01:13.007+0000] {processor.py:157} INFO - Started process (PID=534) to work on /opt/airflow/dags/dag_01_hello_world.py
[2025-10-10T16:01:13.008+0000] {processor.py:829} INFO - Processing file /opt/airflow/dags/dag_01_hello_world.py for tasks to queue
[2025-10-10T16:01:13.008+0000] {logging_mixin.py:151} INFO - [2025-10-10T16:01:13.008+0000] {dagbag.py:539} INFO - Filling up the DagBag from /opt/airflow/dags/dag_01_hello_world.py
[2025-10-10T16:01:13.013+0000] {processor.py:839} INFO - DAG(s) dict_keys(['dag_01_hello_world']) retrieved from /opt/airflow/dags/dag_01_hello_world.py
[2025-10-10T16:01:13.028+0000] {logging_mixin.py:151} INFO - [2025-10-10T16:01:13.028+0000] {dag.py:2907} INFO - Sync 1 DAGs
[2025-10-10T16:01:13.034+0000] {logging_mixin.py:151} INFO - [2025-10-10T16:01:13.034+0000] {dag.py:3677} INFO - Setting next_dagrun for dag_01_hello_world to None, run_after=None
[2025-10-10T16:01:13.043+0000] {processor.py:179} INFO - Processing /opt/airflow/dags/dag_01_hello_world.py took 0.037 seconds
[2025-10-10T16:01:43.330+0000] {processor.py:157} INFO - Started process (PID=547) to work on /opt/airflow/dags/dag_01_hello_world.py
[2025-10-10T16:01:43.331+0000] {processor.py:829} INFO - Processing file /opt/airflow/dags/dag_01_hello_world.py for tasks to queue
[2025-10-10T16:01:43.332+0000] {logging_mixin.py:151} INFO - [2025-10-10T16:01:43.332+0000] {dagbag.py:539} INFO - Filling up the DagBag from /opt/airflow/dags/dag_01_hello_world.py
[2025-10-10T16:01:43.340+0000] {processor.py:839} INFO - DAG(s) dict_keys(['dag_01_hello_world']) retrieved from /opt/airflow/dags/dag_01_hello_world.py
[2025-10-10T16:01:43.359+0000] {logging_mixin.py:151} INFO - [2025-10-10T16:01:43.359+0000] {dag.py:2907} INFO - Sync 1 DAGs
[2025-10-10T16:01:43.365+0000] {logging_mixin.py:151} INFO - [2025-10-10T16:01:43.364+0000] {dag.py:3677} INFO - Setting next_dagrun for dag_01_hello_world to None, run_after=None
[2025-10-10T16:01:43.372+0000] {processor.py:179} INFO - Processing /opt/airflow/dags/dag_01_hello_world.py took 0.044 seconds
[2025-10-10T16:02:13.665+0000] {processor.py:157} INFO - Started process (PID=557) to work on /opt/airflow/dags/dag_01_hello_world.py
[2025-10-10T16:02:13.666+0000] {processor.py:829} INFO - Processing file /opt/airflow/dags/dag_01_hello_world.py for tasks to queue
[2025-10-10T16:02:13.667+0000] {logging_mixin.py:151} INFO - [2025-10-10T16:02:13.666+0000] {dagbag.py:539} INFO - Filling up the DagBag from /opt/airflow/dags/dag_01_hello_world.py
[2025-10-10T16:02:13.674+0000] {processor.py:839} INFO - DAG(s) dict_keys(['dag_01_hello_world']) retrieved from /opt/airflow/dags/dag_01_hello_world.py
[2025-10-10T16:02:13.693+0000] {logging_mixin.py:151} INFO - [2025-10-10T16:02:13.693+0000] {dag.py:2907} INFO - Sync 1 DAGs
[2025-10-10T16:02:13.699+0000] {logging_mixin.py:151} INFO - [2025-10-10T16:02:13.699+0000] {dag.py:3677} INFO - Setting next_dagrun for dag_01_hello_world to None, run_after=None
[2025-10-10T16:02:13.707+0000] {processor.py:179} INFO - Processing /opt/airflow/dags/dag_01_hello_world.py took 0.044 seconds
[2025-10-10T16:02:43.968+0000] {processor.py:157} INFO - Started process (PID=570) to work on /opt/airflow/dags/dag_01_hello_world.py
[2025-10-10T16:02:43.968+0000] {processor.py:829} INFO - Processing file /opt/airflow/dags/dag_01_hello_world.py for tasks to queue
[2025-10-10T16:02:43.969+0000] {logging_mixin.py:151} INFO - [2025-10-10T16:02:43.969+0000] {dagbag.py:539} INFO - Filling up the DagBag from /opt/airflow/dags/dag_01_hello_world.py
[2025-10-10T16:02:43.977+0000] {processor.py:839} INFO - DAG(s) dict_keys(['dag_01_hello_world']) retrieved from /opt/airflow/dags/dag_01_hello_world.py
[2025-10-10T16:02:43.994+0000] {logging_mixin.py:151} INFO - [2025-10-10T16:02:43.994+0000] {dag.py:2907} INFO - Sync 1 DAGs
[2025-10-10T16:02:44.000+0000] {logging_mixin.py:151} INFO - [2025-10-10T16:02:44.000+0000] {dag.py:3677} INFO - Setting next_dagrun for dag_01_hello_world to None, run_after=None
[2025-10-10T16:02:44.007+0000] {processor.py:179} INFO - Processing /opt/airflow/dags/dag_01_hello_world.py took 0.042 seconds
[2025-10-10T16:03:14.250+0000] {processor.py:157} INFO - Started process (PID=580) to work on /opt/airflow/dags/dag_01_hello_world.py
[2025-10-10T16:03:14.250+0000] {processor.py:829} INFO - Processing file /opt/airflow/dags/dag_01_hello_world.py for tasks to queue
[2025-10-10T16:03:14.251+0000] {logging_mixin.py:151} INFO - [2025-10-10T16:03:14.251+0000] {dagbag.py:539} INFO - Filling up the DagBag from /opt/airflow/dags/dag_01_hello_world.py
[2025-10-10T16:03:14.258+0000] {processor.py:839} INFO - DAG(s) dict_keys(['dag_01_hello_world']) retrieved from /opt/airflow/dags/dag_01_hello_world.py
[2025-10-10T16:03:14.274+0000] {logging_mixin.py:151} INFO - [2025-10-10T16:03:14.274+0000] {dag.py:2907} INFO - Sync 1 DAGs
[2025-10-10T16:03:14.280+0000] {logging_mixin.py:151} INFO - [2025-10-10T16:03:14.280+0000] {dag.py:3677} INFO - Setting next_dagrun for dag_01_hello_world to None, run_after=None
[2025-10-10T16:03:14.288+0000] {processor.py:179} INFO - Processing /opt/airflow/dags/dag_01_hello_world.py took 0.041 seconds
[2025-10-10T16:03:44.503+0000] {processor.py:157} INFO - Started process (PID=590) to work on /opt/airflow/dags/dag_01_hello_world.py
[2025-10-10T16:03:44.504+0000] {processor.py:829} INFO - Processing file /opt/airflow/dags/dag_01_hello_world.py for tasks to queue
[2025-10-10T16:03:44.504+0000] {logging_mixin.py:151} INFO - [2025-10-10T16:03:44.504+0000] {dagbag.py:539} INFO - Filling up the DagBag from /opt/airflow/dags/dag_01_hello_world.py
[2025-10-10T16:03:44.511+0000] {processor.py:839} INFO - DAG(s) dict_keys(['dag_01_hello_world']) retrieved from /opt/airflow/dags/dag_01_hello_world.py
[2025-10-10T16:03:44.529+0000] {logging_mixin.py:151} INFO - [2025-10-10T16:03:44.529+0000] {dag.py:2907} INFO - Sync 1 DAGs
[2025-10-10T16:03:44.535+0000] {logging_mixin.py:151} INFO - [2025-10-10T16:03:44.535+0000] {dag.py:3677} INFO - Setting next_dagrun for dag_01_hello_world to None, run_after=None
[2025-10-10T16:03:44.543+0000] {processor.py:179} INFO - Processing /opt/airflow/dags/dag_01_hello_world.py took 0.042 seconds
[2025-10-10T16:04:14.763+0000] {processor.py:157} INFO - Started process (PID=600) to work on /opt/airflow/dags/dag_01_hello_world.py
[2025-10-10T16:04:14.764+0000] {processor.py:829} INFO - Processing file /opt/airflow/dags/dag_01_hello_world.py for tasks to queue
[2025-10-10T16:04:14.764+0000] {logging_mixin.py:151} INFO - [2025-10-10T16:04:14.764+0000] {dagbag.py:539} INFO - Filling up the DagBag from /opt/airflow/dags/dag_01_hello_world.py
[2025-10-10T16:04:14.770+0000] {processor.py:839} INFO - DAG(s) dict_keys(['dag_01_hello_world']) retrieved from /opt/airflow/dags/dag_01_hello_world.py
[2025-10-10T16:04:14.787+0000] {logging_mixin.py:151} INFO - [2025-10-10T16:04:14.787+0000] {dag.py:2907} INFO - Sync 1 DAGs
[2025-10-10T16:04:14.793+0000] {logging_mixin.py:151} INFO - [2025-10-10T16:04:14.793+0000] {dag.py:3677} INFO - Setting next_dagrun for dag_01_hello_world to None, run_after=None
[2025-10-10T16:04:14.802+0000] {processor.py:179} INFO - Processing /opt/airflow/dags/dag_01_hello_world.py took 0.041 seconds
