[2025-10-10T15:28:28.335+0000] {manager.py:488} INFO - Processing files using up to 2 processes at a time 
[2025-10-10T15:28:28.335+0000] {manager.py:489} INFO - Process each file at most once every 30 seconds
[2025-10-10T15:28:28.335+0000] {manager.py:490} INFO - Checking for new files in /opt/airflow/dags every 300 seconds
[2025-10-10T15:28:28.336+0000] {manager.py:760} INFO - Searching for files in /opt/airflow/dags
[2025-10-10T15:28:28.337+0000] {manager.py:763} INFO - There are 1 files in /opt/airflow/dags
[2025-10-10T15:28:28.372+0000] {manager.py:888} INFO - 
================================================================================
DAG File Processing Stats

File Path                                 PID  Runtime      # DAGs    # Errors  Last Runtime    Last Run
--------------------------------------  -----  ---------  --------  ----------  --------------  ----------
/opt/airflow/dags/bitcoin_price_dag.py    170  0.01s             0           0
================================================================================
[2025-10-10T15:28:58.564+0000] {manager.py:888} INFO - 
================================================================================
DAG File Processing Stats

File Path                                 PID  Runtime      # DAGs    # Errors  Last Runtime    Last Run
--------------------------------------  -----  ---------  --------  ----------  --------------  -------------------
/opt/airflow/dags/bitcoin_price_dag.py    176  0.00s             1           0  0.14s           2025-10-10T15:28:28
================================================================================
[2025-10-10T15:29:28.776+0000] {manager.py:888} INFO - 
================================================================================
DAG File Processing Stats

File Path                                 PID  Runtime      # DAGs    # Errors  Last Runtime    Last Run
--------------------------------------  -----  ---------  --------  ----------  --------------  -------------------
/opt/airflow/dags/bitcoin_price_dag.py    181  0.00s             1           0  0.06s           2025-10-10T15:28:58
================================================================================
[2025-10-10T15:29:59.001+0000] {manager.py:888} INFO - 
================================================================================
DAG File Processing Stats

File Path                                 PID  Runtime      # DAGs    # Errors  Last Runtime    Last Run
--------------------------------------  -----  ---------  --------  ----------  --------------  -------------------
/opt/airflow/dags/bitcoin_price_dag.py    186  0.00s             1           0  0.06s           2025-10-10T15:29:28
================================================================================
[2025-10-10T15:30:29.221+0000] {manager.py:888} INFO - 
================================================================================
DAG File Processing Stats

File Path                                 PID  Runtime      # DAGs    # Errors  Last Runtime    Last Run
--------------------------------------  -----  ---------  --------  ----------  --------------  -------------------
/opt/airflow/dags/bitcoin_price_dag.py    191  0.00s             1           0  0.05s           2025-10-10T15:29:59
================================================================================
[2025-10-10T15:30:59.473+0000] {manager.py:888} INFO - 
================================================================================
DAG File Processing Stats

File Path                                 PID  Runtime      # DAGs    # Errors  Last Runtime    Last Run
--------------------------------------  -----  ---------  --------  ----------  --------------  -------------------
/opt/airflow/dags/bitcoin_price_dag.py    196  0.00s             1           0  0.05s           2025-10-10T15:30:29
================================================================================
[2025-10-10T15:31:10.251+0000] {manager.py:470} INFO - Exiting gracefully upon receiving signal 15
[2025-10-10T15:38:04.226+0000] {manager.py:488} INFO - Processing files using up to 2 processes at a time 
[2025-10-10T15:38:04.226+0000] {manager.py:489} INFO - Process each file at most once every 30 seconds
[2025-10-10T15:38:04.226+0000] {manager.py:490} INFO - Checking for new files in /opt/airflow/dags every 300 seconds
[2025-10-10T15:38:04.226+0000] {manager.py:760} INFO - Searching for files in /opt/airflow/dags
[2025-10-10T15:38:04.230+0000] {manager.py:763} INFO - There are 1 files in /opt/airflow/dags
[2025-10-10T15:38:04.264+0000] {manager.py:888} INFO - 
================================================================================
DAG File Processing Stats

File Path                                 PID  Runtime      # DAGs    # Errors  Last Runtime    Last Run
--------------------------------------  -----  ---------  --------  ----------  --------------  ----------
/opt/airflow/dags/bitcoin_price_dag.py    171  0.01s             0           0
================================================================================
[2025-10-10T15:38:34.469+0000] {manager.py:888} INFO - 
================================================================================
DAG File Processing Stats

File Path                                 PID  Runtime      # DAGs    # Errors  Last Runtime    Last Run
--------------------------------------  -----  ---------  --------  ----------  --------------  -------------------
/opt/airflow/dags/bitcoin_price_dag.py    176  0.00s             1           0  0.09s           2025-10-10T15:38:04
================================================================================
[2025-10-10T15:39:04.717+0000] {manager.py:888} INFO - 
================================================================================
DAG File Processing Stats

File Path                                 PID  Runtime      # DAGs    # Errors  Last Runtime    Last Run
--------------------------------------  -----  ---------  --------  ----------  --------------  -------------------
/opt/airflow/dags/bitcoin_price_dag.py    181  0.00s             1           0  0.05s           2025-10-10T15:38:34
================================================================================
[2025-10-10T15:39:34.940+0000] {manager.py:888} INFO - 
================================================================================
DAG File Processing Stats

File Path                                 PID  Runtime      # DAGs    # Errors  Last Runtime    Last Run
--------------------------------------  -----  ---------  --------  ----------  --------------  -------------------
/opt/airflow/dags/bitcoin_price_dag.py    186  0.00s             1           0  0.06s           2025-10-10T15:39:04
================================================================================
[2025-10-10T15:40:05.142+0000] {manager.py:888} INFO - 
================================================================================
DAG File Processing Stats

File Path                                 PID  Runtime      # DAGs    # Errors  Last Runtime    Last Run
--------------------------------------  -----  ---------  --------  ----------  --------------  -------------------
/opt/airflow/dags/bitcoin_price_dag.py    191  0.00s             1           0  0.05s           2025-10-10T15:39:34
================================================================================
[2025-10-10T15:40:35.354+0000] {manager.py:888} INFO - 
================================================================================
DAG File Processing Stats

File Path                                 PID  Runtime      # DAGs    # Errors  Last Runtime    Last Run
--------------------------------------  -----  ---------  --------  ----------  --------------  -------------------
/opt/airflow/dags/bitcoin_price_dag.py    196  0.00s             1           0  0.05s           2025-10-10T15:40:05
================================================================================
[2025-10-10T15:41:05.610+0000] {manager.py:888} INFO - 
================================================================================
DAG File Processing Stats

File Path                                 PID  Runtime      # DAGs    # Errors  Last Runtime    Last Run
--------------------------------------  -----  ---------  --------  ----------  --------------  -------------------
/opt/airflow/dags/bitcoin_price_dag.py    201  0.00s             1           0  0.06s           2025-10-10T15:40:35
================================================================================
[2025-10-10T15:41:35.860+0000] {manager.py:888} INFO - 
================================================================================
DAG File Processing Stats

File Path                                 PID  Runtime      # DAGs    # Errors  Last Runtime    Last Run
--------------------------------------  -----  ---------  --------  ----------  --------------  -------------------
/opt/airflow/dags/bitcoin_price_dag.py    206  0.00s             1           0  0.05s           2025-10-10T15:41:05
================================================================================
[2025-10-10T15:42:06.130+0000] {manager.py:888} INFO - 
================================================================================
DAG File Processing Stats

File Path                                 PID  Runtime      # DAGs    # Errors  Last Runtime    Last Run
--------------------------------------  -----  ---------  --------  ----------  --------------  -------------------
/opt/airflow/dags/bitcoin_price_dag.py    211  0.00s             1           0  0.05s           2025-10-10T15:41:35
================================================================================
[2025-10-10T15:42:36.375+0000] {manager.py:888} INFO - 
================================================================================
DAG File Processing Stats

File Path                                 PID  Runtime      # DAGs    # Errors  Last Runtime    Last Run
--------------------------------------  -----  ---------  --------  ----------  --------------  -------------------
/opt/airflow/dags/bitcoin_price_dag.py    216  0.00s             1           0  0.05s           2025-10-10T15:42:06
================================================================================
[2025-10-10T15:43:04.598+0000] {manager.py:760} INFO - Searching for files in /opt/airflow/dags
[2025-10-10T15:43:04.605+0000] {manager.py:763} INFO - There are 1 files in /opt/airflow/dags
[2025-10-10T15:43:06.630+0000] {manager.py:888} INFO - 
================================================================================
DAG File Processing Stats

File Path                                 PID  Runtime      # DAGs    # Errors  Last Runtime    Last Run
--------------------------------------  -----  ---------  --------  ----------  --------------  -------------------
/opt/airflow/dags/bitcoin_price_dag.py    221  0.00s             1           0  0.06s           2025-10-10T15:42:36
================================================================================
[2025-10-10T15:43:36.875+0000] {manager.py:888} INFO - 
================================================================================
DAG File Processing Stats

File Path                                 PID  Runtime      # DAGs    # Errors  Last Runtime    Last Run
--------------------------------------  -----  ---------  --------  ----------  --------------  -------------------
/opt/airflow/dags/bitcoin_price_dag.py    226  0.00s             1           0  0.05s           2025-10-10T15:43:06
================================================================================
[2025-10-10T15:44:07.123+0000] {manager.py:888} INFO - 
================================================================================
DAG File Processing Stats

File Path                                 PID  Runtime      # DAGs    # Errors  Last Runtime    Last Run
--------------------------------------  -----  ---------  --------  ----------  --------------  -------------------
/opt/airflow/dags/bitcoin_price_dag.py    231  0.00s             1           0  0.05s           2025-10-10T15:43:36
================================================================================
[2025-10-10T15:44:37.361+0000] {manager.py:888} INFO - 
================================================================================
DAG File Processing Stats

File Path                                 PID  Runtime      # DAGs    # Errors  Last Runtime    Last Run
--------------------------------------  -----  ---------  --------  ----------  --------------  -------------------
/opt/airflow/dags/bitcoin_price_dag.py    236  0.00s             1           0  0.06s           2025-10-10T15:44:07
================================================================================
[2025-10-10T15:45:07.587+0000] {manager.py:888} INFO - 
================================================================================
DAG File Processing Stats

File Path                                 PID  Runtime      # DAGs    # Errors  Last Runtime    Last Run
--------------------------------------  -----  ---------  --------  ----------  --------------  -------------------
/opt/airflow/dags/bitcoin_price_dag.py    241  0.00s             1           0  0.10s           2025-10-10T15:44:37
================================================================================
[2025-10-10T15:45:37.838+0000] {manager.py:888} INFO - 
================================================================================
DAG File Processing Stats

File Path                                 PID  Runtime      # DAGs    # Errors  Last Runtime    Last Run
--------------------------------------  -----  ---------  --------  ----------  --------------  -------------------
/opt/airflow/dags/bitcoin_price_dag.py    246  0.00s             1           0  0.10s           2025-10-10T15:45:07
================================================================================
[2025-10-10T15:46:08.053+0000] {manager.py:888} INFO - 
================================================================================
DAG File Processing Stats

File Path                                 PID  Runtime      # DAGs    # Errors  Last Runtime    Last Run
--------------------------------------  -----  ---------  --------  ----------  --------------  -------------------
/opt/airflow/dags/bitcoin_price_dag.py    251  0.00s             1           0  0.13s           2025-10-10T15:45:37
================================================================================
[2025-10-10T15:46:38.297+0000] {manager.py:888} INFO - 
================================================================================
DAG File Processing Stats

File Path                                 PID  Runtime      # DAGs    # Errors  Last Runtime    Last Run
--------------------------------------  -----  ---------  --------  ----------  --------------  -------------------
/opt/airflow/dags/bitcoin_price_dag.py    256  0.00s             1           0  0.10s           2025-10-10T15:46:08
================================================================================
[2025-10-10T15:47:08.622+0000] {manager.py:888} INFO - 
================================================================================
DAG File Processing Stats

File Path                                 PID  Runtime      # DAGs    # Errors  Last Runtime    Last Run
--------------------------------------  -----  ---------  --------  ----------  --------------  -------------------
/opt/airflow/dags/bitcoin_price_dag.py    261  0.00s             1           0  0.10s           2025-10-10T15:46:38
================================================================================
[2025-10-10T15:47:38.833+0000] {manager.py:888} INFO - 
================================================================================
DAG File Processing Stats

File Path                                 PID  Runtime      # DAGs    # Errors  Last Runtime    Last Run
--------------------------------------  -----  ---------  --------  ----------  --------------  -------------------
/opt/airflow/dags/bitcoin_price_dag.py    266  0.00s             1           0  0.06s           2025-10-10T15:47:08
================================================================================
[2025-10-10T15:48:05.050+0000] {manager.py:760} INFO - Searching for files in /opt/airflow/dags
[2025-10-10T15:48:05.057+0000] {manager.py:763} INFO - There are 2 files in /opt/airflow/dags
[2025-10-10T15:48:09.111+0000] {manager.py:888} INFO - 
================================================================================
DAG File Processing Stats

File Path                                  PID  Runtime      # DAGs    # Errors  Last Runtime    Last Run
---------------------------------------  -----  ---------  --------  ----------  --------------  -------------------
/opt/airflow/dags/dag_01_hello_world.py                           1           0  0.08s           2025-10-10T15:48:05
/opt/airflow/dags/bitcoin_price_dag.py     276  0.00s             1           0  0.05s           2025-10-10T15:47:38
================================================================================
[2025-10-10T15:48:39.358+0000] {manager.py:888} INFO - 
================================================================================
DAG File Processing Stats

File Path                                  PID  Runtime      # DAGs    # Errors  Last Runtime    Last Run
---------------------------------------  -----  ---------  --------  ----------  --------------  -------------------
/opt/airflow/dags/dag_01_hello_world.py                           1           0  0.05s           2025-10-10T15:48:35
/opt/airflow/dags/bitcoin_price_dag.py     286  0.00s             1           0  0.05s           2025-10-10T15:48:09
================================================================================
[2025-10-10T15:49:09.624+0000] {manager.py:888} INFO - 
================================================================================
DAG File Processing Stats

File Path                                  PID  Runtime      # DAGs    # Errors  Last Runtime    Last Run
---------------------------------------  -----  ---------  --------  ----------  --------------  -------------------
/opt/airflow/dags/dag_01_hello_world.py                           1           0  0.05s           2025-10-10T15:49:05
/opt/airflow/dags/bitcoin_price_dag.py     296  0.00s             1           0  0.05s           2025-10-10T15:48:39
================================================================================
[2025-10-10T15:49:39.886+0000] {manager.py:888} INFO - 
================================================================================
DAG File Processing Stats

File Path                                  PID  Runtime      # DAGs    # Errors  Last Runtime    Last Run
---------------------------------------  -----  ---------  --------  ----------  --------------  -------------------
/opt/airflow/dags/dag_01_hello_world.py                           1           0  0.05s           2025-10-10T15:49:35
/opt/airflow/dags/bitcoin_price_dag.py     306  0.00s             1           0  0.05s           2025-10-10T15:49:09
================================================================================
[2025-10-10T15:50:10.187+0000] {manager.py:888} INFO - 
================================================================================
DAG File Processing Stats

File Path                                  PID  Runtime      # DAGs    # Errors  Last Runtime    Last Run
---------------------------------------  -----  ---------  --------  ----------  --------------  -------------------
/opt/airflow/dags/dag_01_hello_world.py                           1           0  0.06s           2025-10-10T15:50:06
/opt/airflow/dags/bitcoin_price_dag.py     316  0.00s             1           0  0.05s           2025-10-10T15:49:39
================================================================================
[2025-10-10T15:50:40.481+0000] {manager.py:888} INFO - 
================================================================================
DAG File Processing Stats

File Path                                  PID  Runtime      # DAGs    # Errors  Last Runtime    Last Run
---------------------------------------  -----  ---------  --------  ----------  --------------  -------------------
/opt/airflow/dags/dag_01_hello_world.py                           1           0  0.06s           2025-10-10T15:50:36
/opt/airflow/dags/bitcoin_price_dag.py     326  0.00s             1           0  0.06s           2025-10-10T15:50:10
================================================================================
[2025-10-10T15:51:10.803+0000] {manager.py:888} INFO - 
================================================================================
DAG File Processing Stats

File Path                                  PID  Runtime      # DAGs    # Errors  Last Runtime    Last Run
---------------------------------------  -----  ---------  --------  ----------  --------------  -------------------
/opt/airflow/dags/dag_01_hello_world.py                           1           0  0.06s           2025-10-10T15:51:06
/opt/airflow/dags/bitcoin_price_dag.py     336  0.00s             1           0  0.06s           2025-10-10T15:50:40
================================================================================
[2025-10-10T15:51:41.142+0000] {manager.py:888} INFO - 
================================================================================
DAG File Processing Stats

File Path                                  PID  Runtime      # DAGs    # Errors  Last Runtime    Last Run
---------------------------------------  -----  ---------  --------  ----------  --------------  -------------------
/opt/airflow/dags/dag_01_hello_world.py                           1           0  0.06s           2025-10-10T15:51:37
/opt/airflow/dags/bitcoin_price_dag.py     346  0.00s             1           0  0.06s           2025-10-10T15:51:10
================================================================================
[2025-10-10T15:52:11.433+0000] {manager.py:888} INFO - 
================================================================================
DAG File Processing Stats

File Path                                  PID  Runtime      # DAGs    # Errors  Last Runtime    Last Run
---------------------------------------  -----  ---------  --------  ----------  --------------  -------------------
/opt/airflow/dags/dag_01_hello_world.py                           1           0  0.06s           2025-10-10T15:52:07
/opt/airflow/dags/bitcoin_price_dag.py     356  0.00s             1           0  0.06s           2025-10-10T15:51:41
================================================================================
[2025-10-10T15:52:41.758+0000] {manager.py:888} INFO - 
================================================================================
DAG File Processing Stats

File Path                                  PID  Runtime      # DAGs    # Errors  Last Runtime    Last Run
---------------------------------------  -----  ---------  --------  ----------  --------------  -------------------
/opt/airflow/dags/dag_01_hello_world.py                           1           0  0.06s           2025-10-10T15:52:37
/opt/airflow/dags/bitcoin_price_dag.py     366  0.00s             1           0  0.06s           2025-10-10T15:52:11
================================================================================
[2025-10-10T15:53:06.029+0000] {manager.py:760} INFO - Searching for files in /opt/airflow/dags
[2025-10-10T15:53:06.036+0000] {manager.py:763} INFO - There are 2 files in /opt/airflow/dags
[2025-10-10T15:53:12.113+0000] {manager.py:888} INFO - 
================================================================================
DAG File Processing Stats

File Path                                  PID  Runtime      # DAGs    # Errors  Last Runtime    Last Run
---------------------------------------  -----  ---------  --------  ----------  --------------  -------------------
/opt/airflow/dags/dag_01_hello_world.py                           1           0  0.05s           2025-10-10T15:53:08
/opt/airflow/dags/bitcoin_price_dag.py     376  0.00s             1           0  0.06s           2025-10-10T15:52:41
================================================================================
[2025-10-10T15:53:42.426+0000] {manager.py:888} INFO - 
================================================================================
DAG File Processing Stats

File Path                                  PID  Runtime      # DAGs    # Errors  Last Runtime    Last Run
---------------------------------------  -----  ---------  --------  ----------  --------------  -------------------
/opt/airflow/dags/dag_01_hello_world.py                           1           0  0.06s           2025-10-10T15:53:38
/opt/airflow/dags/bitcoin_price_dag.py     386  0.00s             1           0  0.06s           2025-10-10T15:53:12
================================================================================
[2025-10-10T15:54:12.750+0000] {manager.py:888} INFO - 
================================================================================
DAG File Processing Stats

File Path                                  PID  Runtime      # DAGs    # Errors  Last Runtime    Last Run
---------------------------------------  -----  ---------  --------  ----------  --------------  -------------------
/opt/airflow/dags/dag_01_hello_world.py                           1           0  0.06s           2025-10-10T15:54:08
/opt/airflow/dags/bitcoin_price_dag.py     396  0.00s             1           0  0.04s           2025-10-10T15:53:42
================================================================================
[2025-10-10T15:54:43.046+0000] {manager.py:888} INFO - 
================================================================================
DAG File Processing Stats

File Path                                  PID  Runtime      # DAGs    # Errors  Last Runtime    Last Run
---------------------------------------  -----  ---------  --------  ----------  --------------  -------------------
/opt/airflow/dags/dag_01_hello_world.py                           1           0  0.06s           2025-10-10T15:54:39
/opt/airflow/dags/bitcoin_price_dag.py     409  0.00s             1           0  0.05s           2025-10-10T15:54:12
================================================================================
[2025-10-10T15:55:13.370+0000] {manager.py:888} INFO - 
================================================================================
DAG File Processing Stats

File Path                                  PID  Runtime      # DAGs    # Errors  Last Runtime    Last Run
---------------------------------------  -----  ---------  --------  ----------  --------------  -------------------
/opt/airflow/dags/dag_01_hello_world.py                           1           0  0.06s           2025-10-10T15:55:09
/opt/airflow/dags/bitcoin_price_dag.py     419  0.00s             1           0  0.06s           2025-10-10T15:54:43
================================================================================
[2025-10-10T15:55:43.662+0000] {manager.py:888} INFO - 
================================================================================
DAG File Processing Stats

File Path                                  PID  Runtime      # DAGs    # Errors  Last Runtime    Last Run
---------------------------------------  -----  ---------  --------  ----------  --------------  -------------------
/opt/airflow/dags/dag_01_hello_world.py                           1           0  0.06s           2025-10-10T15:55:39
/opt/airflow/dags/bitcoin_price_dag.py     429  0.00s             1           0  0.06s           2025-10-10T15:55:13
================================================================================
[2025-10-10T15:56:13.934+0000] {manager.py:888} INFO - 
================================================================================
DAG File Processing Stats

File Path                                  PID  Runtime      # DAGs    # Errors  Last Runtime    Last Run
---------------------------------------  -----  ---------  --------  ----------  --------------  -------------------
/opt/airflow/dags/dag_01_hello_world.py                           1           0  0.04s           2025-10-10T15:56:09
/opt/airflow/dags/bitcoin_price_dag.py     439  0.00s             1           0  0.07s           2025-10-10T15:55:43
================================================================================
[2025-10-10T15:56:44.218+0000] {manager.py:888} INFO - 
================================================================================
DAG File Processing Stats

File Path                                  PID  Runtime      # DAGs    # Errors  Last Runtime    Last Run
---------------------------------------  -----  ---------  --------  ----------  --------------  -------------------
/opt/airflow/dags/dag_01_hello_world.py                           1           0  0.06s           2025-10-10T15:56:40
/opt/airflow/dags/bitcoin_price_dag.py     449  0.00s             1           0  0.05s           2025-10-10T15:56:13
================================================================================
[2025-10-10T15:57:14.496+0000] {manager.py:888} INFO - 
================================================================================
DAG File Processing Stats

File Path                                  PID  Runtime      # DAGs    # Errors  Last Runtime    Last Run
---------------------------------------  -----  ---------  --------  ----------  --------------  -------------------
/opt/airflow/dags/dag_01_hello_world.py                           1           0  0.05s           2025-10-10T15:57:10
/opt/airflow/dags/bitcoin_price_dag.py     459  0.00s             1           0  0.06s           2025-10-10T15:56:44
================================================================================
[2025-10-10T15:57:44.818+0000] {manager.py:888} INFO - 
================================================================================
DAG File Processing Stats

File Path                                  PID  Runtime      # DAGs    # Errors  Last Runtime    Last Run
---------------------------------------  -----  ---------  --------  ----------  --------------  -------------------
/opt/airflow/dags/dag_01_hello_world.py                           1           0  0.06s           2025-10-10T15:57:40
/opt/airflow/dags/bitcoin_price_dag.py     469  0.00s             1           0  0.06s           2025-10-10T15:57:14
================================================================================
[2025-10-10T15:58:06.034+0000] {manager.py:760} INFO - Searching for files in /opt/airflow/dags
[2025-10-10T15:58:06.038+0000] {manager.py:763} INFO - There are 2 files in /opt/airflow/dags
[2025-10-10T15:58:15.154+0000] {manager.py:888} INFO - 
================================================================================
DAG File Processing Stats

File Path                                  PID  Runtime      # DAGs    # Errors  Last Runtime    Last Run
---------------------------------------  -----  ---------  --------  ----------  --------------  -------------------
/opt/airflow/dags/dag_01_hello_world.py                           1           0  0.06s           2025-10-10T15:58:11
/opt/airflow/dags/bitcoin_price_dag.py     479  0.00s             1           0  0.06s           2025-10-10T15:57:44
================================================================================
[2025-10-10T15:58:45.480+0000] {manager.py:888} INFO - 
================================================================================
DAG File Processing Stats

File Path                                  PID  Runtime      # DAGs    # Errors  Last Runtime    Last Run
---------------------------------------  -----  ---------  --------  ----------  --------------  -------------------
/opt/airflow/dags/dag_01_hello_world.py                           1           0  0.06s           2025-10-10T15:58:41
/opt/airflow/dags/bitcoin_price_dag.py     489  0.00s             1           0  0.06s           2025-10-10T15:58:15
================================================================================
[2025-10-10T15:59:15.776+0000] {manager.py:888} INFO - 
================================================================================
DAG File Processing Stats

File Path                                  PID  Runtime      # DAGs    # Errors  Last Runtime    Last Run
---------------------------------------  -----  ---------  --------  ----------  --------------  -------------------
/opt/airflow/dags/dag_01_hello_world.py                           1           0  0.06s           2025-10-10T15:59:11
/opt/airflow/dags/bitcoin_price_dag.py     499  0.00s             1           0  0.06s           2025-10-10T15:58:45
================================================================================
[2025-10-10T15:59:46.094+0000] {manager.py:888} INFO - 
================================================================================
DAG File Processing Stats

File Path                                  PID  Runtime      # DAGs    # Errors  Last Runtime    Last Run
---------------------------------------  -----  ---------  --------  ----------  --------------  -------------------
/opt/airflow/dags/dag_01_hello_world.py                           1           0  0.06s           2025-10-10T15:59:42
/opt/airflow/dags/bitcoin_price_dag.py     509  0.00s             1           0  0.06s           2025-10-10T15:59:15
================================================================================
[2025-10-10T16:00:16.475+0000] {manager.py:888} INFO - 
================================================================================
DAG File Processing Stats

File Path                                  PID  Runtime      # DAGs    # Errors  Last Runtime    Last Run
---------------------------------------  -----  ---------  --------  ----------  --------------  -------------------
/opt/airflow/dags/dag_01_hello_world.py                           1           0  0.06s           2025-10-10T16:00:12
/opt/airflow/dags/bitcoin_price_dag.py     519  0.00s             1           0  0.05s           2025-10-10T15:59:46
================================================================================
[2025-10-10T16:00:46.767+0000] {manager.py:888} INFO - 
================================================================================
DAG File Processing Stats

File Path                                  PID  Runtime      # DAGs    # Errors  Last Runtime    Last Run
---------------------------------------  -----  ---------  --------  ----------  --------------  -------------------
/opt/airflow/dags/dag_01_hello_world.py                           1           0  0.05s           2025-10-10T16:00:42
/opt/airflow/dags/bitcoin_price_dag.py     529  0.00s             1           0  0.06s           2025-10-10T16:00:16
================================================================================
[2025-10-10T16:01:17.040+0000] {manager.py:888} INFO - 
================================================================================
DAG File Processing Stats

File Path                                  PID  Runtime      # DAGs    # Errors  Last Runtime    Last Run
---------------------------------------  -----  ---------  --------  ----------  --------------  -------------------
/opt/airflow/dags/dag_01_hello_world.py                           1           0  0.05s           2025-10-10T16:01:13
/opt/airflow/dags/bitcoin_price_dag.py     539  0.00s             1           0  0.06s           2025-10-10T16:00:46
================================================================================
[2025-10-10T16:01:47.371+0000] {manager.py:888} INFO - 
================================================================================
DAG File Processing Stats

File Path                                  PID  Runtime      # DAGs    # Errors  Last Runtime    Last Run
---------------------------------------  -----  ---------  --------  ----------  --------------  -------------------
/opt/airflow/dags/dag_01_hello_world.py                           1           0  0.06s           2025-10-10T16:01:43
/opt/airflow/dags/bitcoin_price_dag.py     552  0.00s             1           0  0.06s           2025-10-10T16:01:17
================================================================================
[2025-10-10T16:02:17.704+0000] {manager.py:888} INFO - 
================================================================================
DAG File Processing Stats

File Path                                  PID  Runtime      # DAGs    # Errors  Last Runtime    Last Run
---------------------------------------  -----  ---------  --------  ----------  --------------  -------------------
/opt/airflow/dags/dag_01_hello_world.py                           1           0  0.06s           2025-10-10T16:02:13
/opt/airflow/dags/bitcoin_price_dag.py     562  0.00s             1           0  0.06s           2025-10-10T16:01:47
================================================================================
[2025-10-10T16:02:47.996+0000] {manager.py:888} INFO - 
================================================================================
DAG File Processing Stats

File Path                                  PID  Runtime      # DAGs    # Errors  Last Runtime    Last Run
---------------------------------------  -----  ---------  --------  ----------  --------------  -------------------
/opt/airflow/dags/dag_01_hello_world.py                           1           0  0.06s           2025-10-10T16:02:44
/opt/airflow/dags/bitcoin_price_dag.py     575  0.00s             1           0  0.06s           2025-10-10T16:02:17
================================================================================
[2025-10-10T16:03:06.165+0000] {manager.py:760} INFO - Searching for files in /opt/airflow/dags
[2025-10-10T16:03:06.171+0000] {manager.py:763} INFO - There are 2 files in /opt/airflow/dags
[2025-10-10T16:03:18.272+0000] {manager.py:888} INFO - 
================================================================================
DAG File Processing Stats

File Path                                  PID  Runtime      # DAGs    # Errors  Last Runtime    Last Run
---------------------------------------  -----  ---------  --------  ----------  --------------  -------------------
/opt/airflow/dags/dag_01_hello_world.py                           1           0  0.05s           2025-10-10T16:03:14
/opt/airflow/dags/bitcoin_price_dag.py     585  0.00s             1           0  0.06s           2025-10-10T16:02:48
================================================================================
[2025-10-10T16:03:48.526+0000] {manager.py:888} INFO - 
================================================================================
DAG File Processing Stats

File Path                                  PID  Runtime      # DAGs    # Errors  Last Runtime    Last Run
---------------------------------------  -----  ---------  --------  ----------  --------------  -------------------
/opt/airflow/dags/dag_01_hello_world.py                           1           0  0.05s           2025-10-10T16:03:44
/opt/airflow/dags/bitcoin_price_dag.py     595  0.00s             1           0  0.05s           2025-10-10T16:03:18
================================================================================
[2025-10-10T16:04:18.794+0000] {manager.py:888} INFO - 
================================================================================
DAG File Processing Stats

File Path                                  PID  Runtime      # DAGs    # Errors  Last Runtime    Last Run
---------------------------------------  -----  ---------  --------  ----------  --------------  -------------------
/opt/airflow/dags/dag_01_hello_world.py                           1           0  0.05s           2025-10-10T16:04:14
/opt/airflow/dags/bitcoin_price_dag.py     605  0.00s             1           0  0.06s           2025-10-10T16:03:48
================================================================================
[2025-10-10T16:04:40.985+0000] {manager.py:1141} WARNING - Skipping processing of missing file: /opt/airflow/dags/dag_01_hello_world.py
